[2026-05-13T09:17:40.241+0000] {local_task_job_runner.py:123} INFO - ::group::Pre task execution logs
[2026-05-13T09:17:40.275+0000] {taskinstance.py:2614} INFO - Dependencies all met for dep_context=non-requeueable deps ti=<TaskInstance: minio_to_snowflake_pipeline.load_minio_to_snowflake scheduled__2026-05-12T00:00:00+00:00 [queued]>
[2026-05-13T09:17:40.289+0000] {taskinstance.py:2614} INFO - Dependencies all met for dep_context=requeueable deps ti=<TaskInstance: minio_to_snowflake_pipeline.load_minio_to_snowflake scheduled__2026-05-12T00:00:00+00:00 [queued]>
[2026-05-13T09:17:40.290+0000] {taskinstance.py:2867} INFO - Starting attempt 1 of 1
[2026-05-13T09:17:40.315+0000] {taskinstance.py:2890} INFO - Executing <Task(PythonOperator): load_minio_to_snowflake> on 2026-05-12 00:00:00+00:00
[2026-05-13T09:17:40.333+0000] {standard_task_runner.py:104} INFO - Running: ['airflow', 'tasks', 'run', 'minio_to_snowflake_pipeline', 'load_minio_to_snowflake', 'scheduled__2026-05-12T00:00:00+00:00', '--job-id', '8', '--raw', '--subdir', 'DAGS_FOLDER/bankinghub_dag.py', '--cfg-path', '/tmp/tmpdip4z6qj']
[2026-05-13T09:17:40.342+0000] {standard_task_runner.py:105} INFO - Job 8: Subtask load_minio_to_snowflake
[2026-05-13T09:17:40.343+0000] {logging_mixin.py:190} WARNING - /home/airflow/.local/lib/python3.12/site-packages/airflow/task/task_runner/standard_task_runner.py:70 DeprecationWarning: This process (pid=163) is multi-threaded, use of fork() may lead to deadlocks in the child.
[2026-05-13T09:17:40.345+0000] {standard_task_runner.py:72} INFO - Started process 175 to run task
[2026-05-13T09:17:40.436+0000] {task_command.py:467} INFO - Running <TaskInstance: minio_to_snowflake_pipeline.load_minio_to_snowflake scheduled__2026-05-12T00:00:00+00:00 [running]> on host f29c735a189b
[2026-05-13T09:17:40.587+0000] {taskinstance.py:3134} INFO - Exporting env vars: AIRFLOW_CTX_DAG_OWNER='airflow' AIRFLOW_CTX_DAG_ID='minio_to_snowflake_pipeline' AIRFLOW_CTX_TASK_ID='load_minio_to_snowflake' AIRFLOW_CTX_EXECUTION_DATE='2026-05-12T00:00:00+00:00' AIRFLOW_CTX_TRY_NUMBER='1' AIRFLOW_CTX_DAG_RUN_ID='scheduled__2026-05-12T00:00:00+00:00'
[2026-05-13T09:17:40.589+0000] {taskinstance.py:732} INFO - ::endgroup::
[2026-05-13T09:17:40.667+0000] {load_to_snowflake.py:137} INFO - Starting full MinIO → Snowflake internal stage pipeline
[2026-05-13T09:17:40.668+0000] {load_to_snowflake.py:125} INFO - Starting pipeline for customers
[2026-05-13T09:17:40.670+0000] {load_to_snowflake.py:47} INFO - Uploading customers files to Snowflake internal stage
[2026-05-13T09:17:40.672+0000] {taskinstance.py:3313} ERROR - Task failed with exception
Traceback (most recent call last):
  File "/home/airflow/.local/lib/python3.12/site-packages/airflow/models/taskinstance.py", line 768, in _execute_task
    result = _execute_callable(context=context, **execute_callable_kwargs)
             ^^^^^^^^^^^^^^^^^^^^^^^^^^^^^^^^^^^^^^^^^^^^^^^^^^^^^^^^^^^^^
  File "/home/airflow/.local/lib/python3.12/site-packages/airflow/models/taskinstance.py", line 734, in _execute_callable
    return ExecutionCallableRunner(
           ^^^^^^^^^^^^^^^^^^^^^^^^
  File "/home/airflow/.local/lib/python3.12/site-packages/airflow/utils/operator_helpers.py", line 252, in run
    return self.func(*args, **kwargs)
           ^^^^^^^^^^^^^^^^^^^^^^^^^^
  File "/home/airflow/.local/lib/python3.12/site-packages/airflow/models/baseoperator.py", line 424, in wrapper
    return func(self, *args, **kwargs)
           ^^^^^^^^^^^^^^^^^^^^^^^^^^^
  File "/home/airflow/.local/lib/python3.12/site-packages/airflow/operators/python.py", line 238, in execute
    return_value = self.execute_callable()
                   ^^^^^^^^^^^^^^^^^^^^^^^
  File "/home/airflow/.local/lib/python3.12/site-packages/airflow/operators/python.py", line 256, in execute_callable
    return runner.run(*self.op_args, **self.op_kwargs)
           ^^^^^^^^^^^^^^^^^^^^^^^^^^^^^^^^^^^^^^^^^^^
  File "/home/airflow/.local/lib/python3.12/site-packages/airflow/utils/operator_helpers.py", line 252, in run
    return self.func(*args, **kwargs)
           ^^^^^^^^^^^^^^^^^^^^^^^^^^
  File "/opt/airflow/dags/load_to_snowflake.py", line 140, in run_pipeline
    process_table(table)
  File "/opt/airflow/dags/load_to_snowflake.py", line 127, in process_table
    upload_to_internal_stage(table_name)
  File "/opt/airflow/dags/load_to_snowflake.py", line 49, in upload_to_internal_stage
    minio_client = get_minio_client()
                   ^^^^^^^^^^^^^^^^^^
  File "/opt/airflow/dags/load_to_snowflake.py", line 17, in get_minio_client
    return Minio(
           ^^^^^^
  File "/home/airflow/.local/lib/python3.12/site-packages/minio/api.py", line 157, in __init__
    ("https://" if secure else "http://") + endpoint,
    ~~~~~~~~~~~~~~~~~~~~~~~~~~~~~~~~~~~~~~^~~~~~~~~~
TypeError: can only concatenate str (not "NoneType") to str
[2026-05-13T09:17:40.705+0000] {taskinstance.py:1226} INFO - Marking task as FAILED. dag_id=minio_to_snowflake_pipeline, task_id=load_minio_to_snowflake, run_id=scheduled__2026-05-12T00:00:00+00:00, execution_date=20260512T000000, start_date=20260513T091740, end_date=20260513T091740
[2026-05-13T09:17:40.768+0000] {taskinstance.py:341} INFO - ::group::Post task execution logs
[2026-05-13T09:17:40.772+0000] {standard_task_runner.py:124} ERROR - Failed to execute job 8 for task load_minio_to_snowflake (can only concatenate str (not "NoneType") to str; 175)
Traceback (most recent call last):
  File "/home/airflow/.local/lib/python3.12/site-packages/airflow/task/task_runner/standard_task_runner.py", line 117, in _start_by_fork
    ret = args.func(args, dag=self.dag)
          ^^^^^^^^^^^^^^^^^^^^^^^^^^^^^
  File "/home/airflow/.local/lib/python3.12/site-packages/airflow/cli/cli_config.py", line 49, in command
    return func(*args, **kwargs)
           ^^^^^^^^^^^^^^^^^^^^^
  File "/home/airflow/.local/lib/python3.12/site-packages/airflow/utils/cli.py", line 116, in wrapper
    return f(*args, **kwargs)
           ^^^^^^^^^^^^^^^^^^
  File "/home/airflow/.local/lib/python3.12/site-packages/airflow/cli/commands/task_command.py", line 483, in task_run
    task_return_code = _run_task_by_selected_method(args, _dag, ti)
                       ^^^^^^^^^^^^^^^^^^^^^^^^^^^^^^^^^^^^^^^^^^^^
  File "/home/airflow/.local/lib/python3.12/site-packages/airflow/cli/commands/task_command.py", line 256, in _run_task_by_selected_method
    return _run_raw_task(args, ti)
           ^^^^^^^^^^^^^^^^^^^^^^^
  File "/home/airflow/.local/lib/python3.12/site-packages/airflow/cli/commands/task_command.py", line 341, in _run_raw_task
    return ti._run_raw_task(
           ^^^^^^^^^^^^^^^^^
  File "/home/airflow/.local/lib/python3.12/site-packages/airflow/utils/session.py", line 97, in wrapper
    return func(*args, session=session, **kwargs)
           ^^^^^^^^^^^^^^^^^^^^^^^^^^^^^^^^^^^^^^
  File "/home/airflow/.local/lib/python3.12/site-packages/airflow/models/taskinstance.py", line 3006, in _run_raw_task
    return _run_raw_task(
           ^^^^^^^^^^^^^^
  File "/home/airflow/.local/lib/python3.12/site-packages/airflow/models/taskinstance.py", line 274, in _run_raw_task
    TaskInstance._execute_task_with_callbacks(
  File "/home/airflow/.local/lib/python3.12/site-packages/airflow/models/taskinstance.py", line 3161, in _execute_task_with_callbacks
    result = self._execute_task(context, task_orig)
             ^^^^^^^^^^^^^^^^^^^^^^^^^^^^^^^^^^^^^^
  File "/home/airflow/.local/lib/python3.12/site-packages/airflow/models/taskinstance.py", line 3185, in _execute_task
    return _execute_task(self, context, task_orig)
           ^^^^^^^^^^^^^^^^^^^^^^^^^^^^^^^^^^^^^^^
  File "/home/airflow/.local/lib/python3.12/site-packages/airflow/models/taskinstance.py", line 768, in _execute_task
    result = _execute_callable(context=context, **execute_callable_kwargs)
             ^^^^^^^^^^^^^^^^^^^^^^^^^^^^^^^^^^^^^^^^^^^^^^^^^^^^^^^^^^^^^
  File "/home/airflow/.local/lib/python3.12/site-packages/airflow/models/taskinstance.py", line 734, in _execute_callable
    return ExecutionCallableRunner(
           ^^^^^^^^^^^^^^^^^^^^^^^^
  File "/home/airflow/.local/lib/python3.12/site-packages/airflow/utils/operator_helpers.py", line 252, in run
    return self.func(*args, **kwargs)
           ^^^^^^^^^^^^^^^^^^^^^^^^^^
  File "/home/airflow/.local/lib/python3.12/site-packages/airflow/models/baseoperator.py", line 424, in wrapper
    return func(self, *args, **kwargs)
           ^^^^^^^^^^^^^^^^^^^^^^^^^^^
  File "/home/airflow/.local/lib/python3.12/site-packages/airflow/operators/python.py", line 238, in execute
    return_value = self.execute_callable()
                   ^^^^^^^^^^^^^^^^^^^^^^^
  File "/home/airflow/.local/lib/python3.12/site-packages/airflow/operators/python.py", line 256, in execute_callable
    return runner.run(*self.op_args, **self.op_kwargs)
           ^^^^^^^^^^^^^^^^^^^^^^^^^^^^^^^^^^^^^^^^^^^
  File "/home/airflow/.local/lib/python3.12/site-packages/airflow/utils/operator_helpers.py", line 252, in run
    return self.func(*args, **kwargs)
           ^^^^^^^^^^^^^^^^^^^^^^^^^^
  File "/opt/airflow/dags/load_to_snowflake.py", line 140, in run_pipeline
    process_table(table)
  File "/opt/airflow/dags/load_to_snowflake.py", line 127, in process_table
    upload_to_internal_stage(table_name)
  File "/opt/airflow/dags/load_to_snowflake.py", line 49, in upload_to_internal_stage
    minio_client = get_minio_client()
                   ^^^^^^^^^^^^^^^^^^
  File "/opt/airflow/dags/load_to_snowflake.py", line 17, in get_minio_client
    return Minio(
           ^^^^^^
  File "/home/airflow/.local/lib/python3.12/site-packages/minio/api.py", line 157, in __init__
    ("https://" if secure else "http://") + endpoint,
    ~~~~~~~~~~~~~~~~~~~~~~~~~~~~~~~~~~~~~~^~~~~~~~~~
TypeError: can only concatenate str (not "NoneType") to str
[2026-05-13T09:17:40.806+0000] {local_task_job_runner.py:266} INFO - Task exited with return code 1
[2026-05-13T09:17:40.843+0000] {taskinstance.py:3901} INFO - 0 downstream tasks scheduled from follow-on schedule check
[2026-05-13T09:17:40.848+0000] {local_task_job_runner.py:245} INFO - ::endgroup::
