[2026-05-14T09:36:53.002+0000] {local_task_job_runner.py:123} INFO - ::group::Pre task execution logs
[2026-05-14T09:36:53.030+0000] {taskinstance.py:2614} INFO - Dependencies all met for dep_context=non-requeueable deps ti=<TaskInstance: banking_datastack_pipeline.load_minio_to_snowflake manual__2026-05-14T09:36:48.719850+00:00 [queued]>
[2026-05-14T09:36:53.046+0000] {taskinstance.py:2614} INFO - Dependencies all met for dep_context=requeueable deps ti=<TaskInstance: banking_datastack_pipeline.load_minio_to_snowflake manual__2026-05-14T09:36:48.719850+00:00 [queued]>
[2026-05-14T09:36:53.047+0000] {taskinstance.py:2867} INFO - Starting attempt 1 of 1
[2026-05-14T09:36:53.069+0000] {taskinstance.py:2890} INFO - Executing <Task(PythonOperator): load_minio_to_snowflake> on 2026-05-14 09:36:48.719850+00:00
[2026-05-14T09:36:53.099+0000] {standard_task_runner.py:104} INFO - Running: ['airflow', 'tasks', 'run', 'banking_datastack_pipeline', 'load_minio_to_snowflake', 'manual__2026-05-14T09:36:48.719850+00:00', '--job-id', '37', '--raw', '--subdir', 'DAGS_FOLDER/bankinghub_dag.py', '--cfg-path', '/tmp/tmpr_p9jinx']
[2026-05-14T09:36:53.105+0000] {standard_task_runner.py:105} INFO - Job 37: Subtask load_minio_to_snowflake
[2026-05-14T09:36:53.107+0000] {logging_mixin.py:190} WARNING - /home/airflow/.local/lib/python3.12/site-packages/airflow/task/task_runner/standard_task_runner.py:70 DeprecationWarning: This process (pid=259) is multi-threaded, use of fork() may lead to deadlocks in the child.
[2026-05-14T09:36:53.108+0000] {standard_task_runner.py:72} INFO - Started process 263 to run task
[2026-05-14T09:36:53.197+0000] {task_command.py:467} INFO - Running <TaskInstance: banking_datastack_pipeline.load_minio_to_snowflake manual__2026-05-14T09:36:48.719850+00:00 [running]> on host 0bc8e9923f1f
[2026-05-14T09:36:53.333+0000] {taskinstance.py:3134} INFO - Exporting env vars: AIRFLOW_CTX_DAG_OWNER='airflow' AIRFLOW_CTX_DAG_ID='banking_datastack_pipeline' AIRFLOW_CTX_TASK_ID='load_minio_to_snowflake' AIRFLOW_CTX_EXECUTION_DATE='2026-05-14T09:36:48.719850+00:00' AIRFLOW_CTX_TRY_NUMBER='1' AIRFLOW_CTX_DAG_RUN_ID='manual__2026-05-14T09:36:48.719850+00:00'
[2026-05-14T09:36:53.335+0000] {taskinstance.py:732} INFO - ::endgroup::
[2026-05-14T09:36:53.453+0000] {load_to_snowflake.py:60} INFO - Starting MinIO -> Snowflake pipeline
[2026-05-14T09:36:53.455+0000] {load_to_snowflake.py:73} INFO - Step 1: Extracting parquet files from MinIO
[2026-05-14T09:36:53.669+0000] {load_to_snowflake.py:113} INFO - customers: downloaded=6, skipped=0
[2026-05-14T09:36:53.924+0000] {load_to_snowflake.py:113} INFO - account: downloaded=14, skipped=0
[2026-05-14T09:36:55.997+0000] {load_to_snowflake.py:113} INFO - transactions: downloaded=72, skipped=0
[2026-05-14T09:36:55.998+0000] {load_to_snowflake.py:117} INFO - Extraction complete | total_downloaded=92, total_skipped=0
[2026-05-14T09:36:55.999+0000] {load_to_snowflake.py:124} INFO - Step 2: Uploading files to Snowflake internal stage
[2026-05-14T09:36:56.004+0000] {connection.py:626} INFO - Snowflake Connector for Python Version: 4.5.0, Python Version: 3.12.9, Platform: Linux-6.6.114.1-microsoft-standard-WSL2-x86_64-with-glibc2.36
[2026-05-14T09:36:56.009+0000] {connection.py:1735} INFO - Connecting to GLOBAL Snowflake domain
[2026-05-14T09:37:14.378+0000] {load_to_snowflake.py:144} INFO - customers: uploaded=6
[2026-05-14T09:37:25.450+0000] {load_to_snowflake.py:144} INFO - account: uploaded=14
[2026-05-14T09:38:32.578+0000] {load_to_snowflake.py:144} INFO - transactions: uploaded=72
[2026-05-14T09:38:33.007+0000] {load_to_snowflake.py:148} INFO - Upload complete | total_uploaded=92
[2026-05-14T09:38:33.009+0000] {load_to_snowflake.py:155} INFO - Step 3: Loading staged files into raw tables
[2026-05-14T09:38:33.012+0000] {connection.py:626} INFO - Snowflake Connector for Python Version: 4.5.0, Python Version: 3.12.9, Platform: Linux-6.6.114.1-microsoft-standard-WSL2-x86_64-with-glibc2.36
[2026-05-14T09:38:33.014+0000] {connection.py:1735} INFO - Connecting to GLOBAL Snowflake domain
[2026-05-14T09:38:38.852+0000] {load_to_snowflake.py:172} INFO - customers: loaded successfully into RAW.CUSTOMERS
[2026-05-14T09:38:40.386+0000] {load_to_snowflake.py:172} INFO - account: loaded successfully into RAW.ACCOUNT
[2026-05-14T09:38:42.057+0000] {load_to_snowflake.py:172} INFO - transactions: loaded successfully into RAW.TRANSACTIONS
[2026-05-14T09:38:42.445+0000] {load_to_snowflake.py:176} INFO - Pipeline completed successfully
[2026-05-14T09:38:42.446+0000] {python.py:240} INFO - Done. Returned value was: None
[2026-05-14T09:38:42.460+0000] {taskinstance.py:341} INFO - ::group::Post task execution logs
[2026-05-14T09:38:42.461+0000] {taskinstance.py:353} INFO - Marking task as SUCCESS. dag_id=banking_datastack_pipeline, task_id=load_minio_to_snowflake, run_id=manual__2026-05-14T09:36:48.719850+00:00, execution_date=20260514T093648, start_date=20260514T093653, end_date=20260514T093842
[2026-05-14T09:38:42.543+0000] {local_task_job_runner.py:266} INFO - Task exited with return code 0
[2026-05-14T09:38:42.565+0000] {taskinstance.py:3901} INFO - 0 downstream tasks scheduled from follow-on schedule check
[2026-05-14T09:38:42.570+0000] {local_task_job_runner.py:245} INFO - ::endgroup::
