[2026-05-16T16:40:50.459+0000] {processor.py:186} INFO - Started process (PID=162) to work on /opt/airflow/dags/bankinghub_dag.py
[2026-05-16T16:40:50.465+0000] {processor.py:914} INFO - Processing file /opt/airflow/dags/bankinghub_dag.py for tasks to queue
[2026-05-16T16:40:50.481+0000] {logging_mixin.py:190} INFO - [2026-05-16T16:40:50.479+0000] {dagbag.py:588} INFO - Filling up the DagBag from /opt/airflow/dags/bankinghub_dag.py
[2026-05-16T16:41:02.063+0000] {processor.py:925} INFO - DAG(s) 'banking_datastack_pipeline' retrieved from /opt/airflow/dags/bankinghub_dag.py
[2026-05-16T16:41:02.169+0000] {logging_mixin.py:190} INFO - [2026-05-16T16:41:02.168+0000] {dag.py:3239} INFO - Sync 1 DAGs
[2026-05-16T16:41:02.281+0000] {logging_mixin.py:190} INFO - [2026-05-16T16:41:02.280+0000] {dag.py:4180} INFO - Setting next_dagrun for banking_datastack_pipeline to 2026-05-16 00:00:00+00:00, run_after=2026-05-17 00:00:00+00:00
[2026-05-16T16:41:02.379+0000] {processor.py:208} INFO - Processing /opt/airflow/dags/bankinghub_dag.py took 12.037 seconds
[2026-05-16T16:41:32.733+0000] {processor.py:186} INFO - Started process (PID=214) to work on /opt/airflow/dags/bankinghub_dag.py
[2026-05-16T16:41:32.744+0000] {processor.py:914} INFO - Processing file /opt/airflow/dags/bankinghub_dag.py for tasks to queue
[2026-05-16T16:41:32.817+0000] {logging_mixin.py:190} INFO - [2026-05-16T16:41:32.808+0000] {dagbag.py:588} INFO - Filling up the DagBag from /opt/airflow/dags/bankinghub_dag.py
[2026-05-16T16:41:37.726+0000] {processor.py:925} INFO - DAG(s) 'banking_datastack_pipeline' retrieved from /opt/airflow/dags/bankinghub_dag.py
[2026-05-16T16:41:37.808+0000] {logging_mixin.py:190} INFO - [2026-05-16T16:41:37.807+0000] {dag.py:3239} INFO - Sync 1 DAGs
[2026-05-16T16:41:37.859+0000] {logging_mixin.py:190} INFO - [2026-05-16T16:41:37.858+0000] {dag.py:4180} INFO - Setting next_dagrun for banking_datastack_pipeline to 2026-05-16 00:00:00+00:00, run_after=2026-05-17 00:00:00+00:00
[2026-05-16T16:41:37.911+0000] {processor.py:208} INFO - Processing /opt/airflow/dags/bankinghub_dag.py took 5.286 seconds
[2026-05-16T16:42:08.337+0000] {processor.py:186} INFO - Started process (PID=282) to work on /opt/airflow/dags/bankinghub_dag.py
[2026-05-16T16:42:08.339+0000] {processor.py:914} INFO - Processing file /opt/airflow/dags/bankinghub_dag.py for tasks to queue
[2026-05-16T16:42:08.344+0000] {logging_mixin.py:190} INFO - [2026-05-16T16:42:08.343+0000] {dagbag.py:588} INFO - Filling up the DagBag from /opt/airflow/dags/bankinghub_dag.py
[2026-05-16T16:42:11.492+0000] {processor.py:925} INFO - DAG(s) 'banking_datastack_pipeline' retrieved from /opt/airflow/dags/bankinghub_dag.py
[2026-05-16T16:42:11.597+0000] {logging_mixin.py:190} INFO - [2026-05-16T16:42:11.596+0000] {dag.py:3239} INFO - Sync 1 DAGs
[2026-05-16T16:42:11.672+0000] {logging_mixin.py:190} INFO - [2026-05-16T16:42:11.671+0000] {dag.py:4180} INFO - Setting next_dagrun for banking_datastack_pipeline to 2026-05-16 00:00:00+00:00, run_after=2026-05-17 00:00:00+00:00
[2026-05-16T16:42:11.700+0000] {processor.py:208} INFO - Processing /opt/airflow/dags/bankinghub_dag.py took 3.379 seconds
[2026-05-16T16:42:41.967+0000] {processor.py:186} INFO - Started process (PID=341) to work on /opt/airflow/dags/bankinghub_dag.py
[2026-05-16T16:42:41.969+0000] {processor.py:914} INFO - Processing file /opt/airflow/dags/bankinghub_dag.py for tasks to queue
[2026-05-16T16:42:41.973+0000] {logging_mixin.py:190} INFO - [2026-05-16T16:42:41.972+0000] {dagbag.py:588} INFO - Filling up the DagBag from /opt/airflow/dags/bankinghub_dag.py
[2026-05-16T16:42:44.003+0000] {processor.py:925} INFO - DAG(s) 'banking_datastack_pipeline' retrieved from /opt/airflow/dags/bankinghub_dag.py
[2026-05-16T16:42:44.040+0000] {logging_mixin.py:190} INFO - [2026-05-16T16:42:44.040+0000] {dag.py:3239} INFO - Sync 1 DAGs
[2026-05-16T16:42:44.083+0000] {logging_mixin.py:190} INFO - [2026-05-16T16:42:44.082+0000] {dag.py:4180} INFO - Setting next_dagrun for banking_datastack_pipeline to 2026-05-16 00:00:00+00:00, run_after=2026-05-17 00:00:00+00:00
[2026-05-16T16:42:44.114+0000] {processor.py:208} INFO - Processing /opt/airflow/dags/bankinghub_dag.py took 2.163 seconds
[2026-05-16T16:43:14.495+0000] {processor.py:186} INFO - Started process (PID=367) to work on /opt/airflow/dags/bankinghub_dag.py
[2026-05-16T16:43:14.498+0000] {processor.py:914} INFO - Processing file /opt/airflow/dags/bankinghub_dag.py for tasks to queue
[2026-05-16T16:43:14.524+0000] {logging_mixin.py:190} INFO - [2026-05-16T16:43:14.521+0000] {dagbag.py:588} INFO - Filling up the DagBag from /opt/airflow/dags/bankinghub_dag.py
[2026-05-16T16:43:20.954+0000] {processor.py:925} INFO - DAG(s) 'banking_datastack_pipeline' retrieved from /opt/airflow/dags/bankinghub_dag.py
[2026-05-16T16:43:21.024+0000] {logging_mixin.py:190} INFO - [2026-05-16T16:43:21.023+0000] {dag.py:3239} INFO - Sync 1 DAGs
[2026-05-16T16:43:21.091+0000] {logging_mixin.py:190} INFO - [2026-05-16T16:43:21.090+0000] {dag.py:4180} INFO - Setting next_dagrun for banking_datastack_pipeline to 2026-05-16 00:00:00+00:00, run_after=2026-05-17 00:00:00+00:00
[2026-05-16T16:43:21.123+0000] {processor.py:208} INFO - Processing /opt/airflow/dags/bankinghub_dag.py took 6.675 seconds
[2026-05-16T16:43:51.225+0000] {processor.py:186} INFO - Started process (PID=391) to work on /opt/airflow/dags/bankinghub_dag.py
[2026-05-16T16:43:51.227+0000] {processor.py:914} INFO - Processing file /opt/airflow/dags/bankinghub_dag.py for tasks to queue
[2026-05-16T16:43:51.231+0000] {logging_mixin.py:190} INFO - [2026-05-16T16:43:51.230+0000] {dagbag.py:588} INFO - Filling up the DagBag from /opt/airflow/dags/bankinghub_dag.py
[2026-05-16T16:43:53.041+0000] {processor.py:925} INFO - DAG(s) 'banking_datastack_pipeline' retrieved from /opt/airflow/dags/bankinghub_dag.py
[2026-05-16T16:43:53.166+0000] {logging_mixin.py:190} INFO - [2026-05-16T16:43:53.165+0000] {dag.py:3239} INFO - Sync 1 DAGs
[2026-05-16T16:43:53.306+0000] {logging_mixin.py:190} INFO - [2026-05-16T16:43:53.306+0000] {dag.py:4180} INFO - Setting next_dagrun for banking_datastack_pipeline to 2026-05-16 00:00:00+00:00, run_after=2026-05-17 00:00:00+00:00
[2026-05-16T16:43:53.394+0000] {processor.py:208} INFO - Processing /opt/airflow/dags/bankinghub_dag.py took 2.178 seconds
[2026-05-16T16:44:23.566+0000] {processor.py:186} INFO - Started process (PID=399) to work on /opt/airflow/dags/bankinghub_dag.py
[2026-05-16T16:44:23.571+0000] {processor.py:914} INFO - Processing file /opt/airflow/dags/bankinghub_dag.py for tasks to queue
[2026-05-16T16:44:23.604+0000] {logging_mixin.py:190} INFO - [2026-05-16T16:44:23.595+0000] {dagbag.py:588} INFO - Filling up the DagBag from /opt/airflow/dags/bankinghub_dag.py
[2026-05-16T16:44:34.158+0000] {processor.py:925} INFO - DAG(s) 'banking_datastack_pipeline' retrieved from /opt/airflow/dags/bankinghub_dag.py
[2026-05-16T16:44:34.242+0000] {logging_mixin.py:190} INFO - [2026-05-16T16:44:34.241+0000] {dag.py:3239} INFO - Sync 1 DAGs
[2026-05-16T16:44:34.326+0000] {logging_mixin.py:190} INFO - [2026-05-16T16:44:34.326+0000] {dag.py:4180} INFO - Setting next_dagrun for banking_datastack_pipeline to 2026-05-16 00:00:00+00:00, run_after=2026-05-17 00:00:00+00:00
[2026-05-16T16:44:34.368+0000] {processor.py:208} INFO - Processing /opt/airflow/dags/bankinghub_dag.py took 8.931 seconds
[2026-05-16T16:45:04.649+0000] {processor.py:186} INFO - Started process (PID=427) to work on /opt/airflow/dags/bankinghub_dag.py
[2026-05-16T16:45:04.651+0000] {processor.py:914} INFO - Processing file /opt/airflow/dags/bankinghub_dag.py for tasks to queue
[2026-05-16T16:45:04.655+0000] {logging_mixin.py:190} INFO - [2026-05-16T16:45:04.655+0000] {dagbag.py:588} INFO - Filling up the DagBag from /opt/airflow/dags/bankinghub_dag.py
[2026-05-16T16:45:06.496+0000] {processor.py:925} INFO - DAG(s) 'banking_datastack_pipeline' retrieved from /opt/airflow/dags/bankinghub_dag.py
[2026-05-16T16:45:06.527+0000] {logging_mixin.py:190} INFO - [2026-05-16T16:45:06.526+0000] {dag.py:3239} INFO - Sync 1 DAGs
[2026-05-16T16:45:06.561+0000] {logging_mixin.py:190} INFO - [2026-05-16T16:45:06.560+0000] {dag.py:4180} INFO - Setting next_dagrun for banking_datastack_pipeline to 2026-05-16 00:00:00+00:00, run_after=2026-05-17 00:00:00+00:00
[2026-05-16T16:45:06.612+0000] {processor.py:208} INFO - Processing /opt/airflow/dags/bankinghub_dag.py took 1.976 seconds
[2026-05-16T16:45:36.797+0000] {processor.py:186} INFO - Started process (PID=444) to work on /opt/airflow/dags/bankinghub_dag.py
[2026-05-16T16:45:36.798+0000] {processor.py:914} INFO - Processing file /opt/airflow/dags/bankinghub_dag.py for tasks to queue
[2026-05-16T16:45:36.801+0000] {logging_mixin.py:190} INFO - [2026-05-16T16:45:36.801+0000] {dagbag.py:588} INFO - Filling up the DagBag from /opt/airflow/dags/bankinghub_dag.py
[2026-05-16T16:45:37.893+0000] {processor.py:925} INFO - DAG(s) 'banking_datastack_pipeline' retrieved from /opt/airflow/dags/bankinghub_dag.py
[2026-05-16T16:45:37.921+0000] {logging_mixin.py:190} INFO - [2026-05-16T16:45:37.920+0000] {dag.py:3239} INFO - Sync 1 DAGs
[2026-05-16T16:45:37.949+0000] {logging_mixin.py:190} INFO - [2026-05-16T16:45:37.949+0000] {dag.py:4180} INFO - Setting next_dagrun for banking_datastack_pipeline to 2026-05-16 00:00:00+00:00, run_after=2026-05-17 00:00:00+00:00
[2026-05-16T16:45:37.971+0000] {processor.py:208} INFO - Processing /opt/airflow/dags/bankinghub_dag.py took 1.181 seconds
[2026-05-16T16:46:08.839+0000] {processor.py:186} INFO - Started process (PID=461) to work on /opt/airflow/dags/bankinghub_dag.py
[2026-05-16T16:46:08.840+0000] {processor.py:914} INFO - Processing file /opt/airflow/dags/bankinghub_dag.py for tasks to queue
[2026-05-16T16:46:08.845+0000] {logging_mixin.py:190} INFO - [2026-05-16T16:46:08.844+0000] {dagbag.py:588} INFO - Filling up the DagBag from /opt/airflow/dags/bankinghub_dag.py
[2026-05-16T16:46:09.843+0000] {processor.py:925} INFO - DAG(s) 'banking_datastack_pipeline' retrieved from /opt/airflow/dags/bankinghub_dag.py
[2026-05-16T16:46:09.885+0000] {logging_mixin.py:190} INFO - [2026-05-16T16:46:09.885+0000] {dag.py:3239} INFO - Sync 1 DAGs
[2026-05-16T16:46:09.915+0000] {logging_mixin.py:190} INFO - [2026-05-16T16:46:09.915+0000] {dag.py:4180} INFO - Setting next_dagrun for banking_datastack_pipeline to 2026-05-16 00:00:00+00:00, run_after=2026-05-17 00:00:00+00:00
[2026-05-16T16:46:09.945+0000] {processor.py:208} INFO - Processing /opt/airflow/dags/bankinghub_dag.py took 1.113 seconds
[2026-05-16T16:46:42.361+0000] {processor.py:186} INFO - Started process (PID=479) to work on /opt/airflow/dags/bankinghub_dag.py
[2026-05-16T16:46:42.363+0000] {processor.py:914} INFO - Processing file /opt/airflow/dags/bankinghub_dag.py for tasks to queue
[2026-05-16T16:46:42.366+0000] {logging_mixin.py:190} INFO - [2026-05-16T16:46:42.366+0000] {dagbag.py:588} INFO - Filling up the DagBag from /opt/airflow/dags/bankinghub_dag.py
[2026-05-16T16:46:43.501+0000] {processor.py:925} INFO - DAG(s) 'banking_datastack_pipeline' retrieved from /opt/airflow/dags/bankinghub_dag.py
[2026-05-16T16:46:43.547+0000] {logging_mixin.py:190} INFO - [2026-05-16T16:46:43.547+0000] {dag.py:3239} INFO - Sync 1 DAGs
[2026-05-16T16:46:43.574+0000] {logging_mixin.py:190} INFO - [2026-05-16T16:46:43.574+0000] {dag.py:4180} INFO - Setting next_dagrun for banking_datastack_pipeline to 2026-05-16 00:00:00+00:00, run_after=2026-05-17 00:00:00+00:00
[2026-05-16T16:46:43.596+0000] {processor.py:208} INFO - Processing /opt/airflow/dags/bankinghub_dag.py took 1.247 seconds
[2026-05-16T16:47:13.913+0000] {processor.py:186} INFO - Started process (PID=489) to work on /opt/airflow/dags/bankinghub_dag.py
[2026-05-16T16:47:13.915+0000] {processor.py:914} INFO - Processing file /opt/airflow/dags/bankinghub_dag.py for tasks to queue
[2026-05-16T16:47:13.918+0000] {logging_mixin.py:190} INFO - [2026-05-16T16:47:13.918+0000] {dagbag.py:588} INFO - Filling up the DagBag from /opt/airflow/dags/bankinghub_dag.py
[2026-05-16T16:47:15.597+0000] {processor.py:925} INFO - DAG(s) 'banking_datastack_pipeline' retrieved from /opt/airflow/dags/bankinghub_dag.py
[2026-05-16T16:47:15.642+0000] {logging_mixin.py:190} INFO - [2026-05-16T16:47:15.641+0000] {dag.py:3239} INFO - Sync 1 DAGs
[2026-05-16T16:47:15.686+0000] {logging_mixin.py:190} INFO - [2026-05-16T16:47:15.686+0000] {dag.py:4180} INFO - Setting next_dagrun for banking_datastack_pipeline to 2026-05-16 00:00:00+00:00, run_after=2026-05-17 00:00:00+00:00
[2026-05-16T16:47:15.716+0000] {processor.py:208} INFO - Processing /opt/airflow/dags/bankinghub_dag.py took 1.813 seconds
[2026-05-16T16:47:46.583+0000] {processor.py:186} INFO - Started process (PID=507) to work on /opt/airflow/dags/bankinghub_dag.py
[2026-05-16T16:47:46.584+0000] {processor.py:914} INFO - Processing file /opt/airflow/dags/bankinghub_dag.py for tasks to queue
[2026-05-16T16:47:46.591+0000] {logging_mixin.py:190} INFO - [2026-05-16T16:47:46.589+0000] {dagbag.py:588} INFO - Filling up the DagBag from /opt/airflow/dags/bankinghub_dag.py
[2026-05-16T16:47:47.919+0000] {processor.py:925} INFO - DAG(s) 'banking_datastack_pipeline' retrieved from /opt/airflow/dags/bankinghub_dag.py
[2026-05-16T16:47:47.954+0000] {logging_mixin.py:190} INFO - [2026-05-16T16:47:47.954+0000] {dag.py:3239} INFO - Sync 1 DAGs
[2026-05-16T16:47:47.985+0000] {logging_mixin.py:190} INFO - [2026-05-16T16:47:47.985+0000] {dag.py:4180} INFO - Setting next_dagrun for banking_datastack_pipeline to 2026-05-16 00:00:00+00:00, run_after=2026-05-17 00:00:00+00:00
[2026-05-16T16:47:48.009+0000] {processor.py:208} INFO - Processing /opt/airflow/dags/bankinghub_dag.py took 1.444 seconds
[2026-05-16T16:48:18.519+0000] {processor.py:186} INFO - Started process (PID=524) to work on /opt/airflow/dags/bankinghub_dag.py
[2026-05-16T16:48:18.522+0000] {processor.py:914} INFO - Processing file /opt/airflow/dags/bankinghub_dag.py for tasks to queue
[2026-05-16T16:48:18.526+0000] {logging_mixin.py:190} INFO - [2026-05-16T16:48:18.526+0000] {dagbag.py:588} INFO - Filling up the DagBag from /opt/airflow/dags/bankinghub_dag.py
[2026-05-16T16:48:19.712+0000] {processor.py:925} INFO - DAG(s) 'banking_datastack_pipeline' retrieved from /opt/airflow/dags/bankinghub_dag.py
[2026-05-16T16:48:19.741+0000] {logging_mixin.py:190} INFO - [2026-05-16T16:48:19.741+0000] {dag.py:3239} INFO - Sync 1 DAGs
[2026-05-16T16:48:19.770+0000] {logging_mixin.py:190} INFO - [2026-05-16T16:48:19.770+0000] {dag.py:4180} INFO - Setting next_dagrun for banking_datastack_pipeline to 2026-05-16 00:00:00+00:00, run_after=2026-05-17 00:00:00+00:00
[2026-05-16T16:48:19.796+0000] {processor.py:208} INFO - Processing /opt/airflow/dags/bankinghub_dag.py took 1.296 seconds
[2026-05-16T16:48:50.587+0000] {processor.py:186} INFO - Started process (PID=539) to work on /opt/airflow/dags/bankinghub_dag.py
[2026-05-16T16:48:50.592+0000] {processor.py:914} INFO - Processing file /opt/airflow/dags/bankinghub_dag.py for tasks to queue
[2026-05-16T16:48:50.599+0000] {logging_mixin.py:190} INFO - [2026-05-16T16:48:50.598+0000] {dagbag.py:588} INFO - Filling up the DagBag from /opt/airflow/dags/bankinghub_dag.py
[2026-05-16T16:48:51.968+0000] {processor.py:925} INFO - DAG(s) 'banking_datastack_pipeline' retrieved from /opt/airflow/dags/bankinghub_dag.py
[2026-05-16T16:48:52.020+0000] {logging_mixin.py:190} INFO - [2026-05-16T16:48:52.019+0000] {dag.py:3239} INFO - Sync 1 DAGs
[2026-05-16T16:48:52.118+0000] {logging_mixin.py:190} INFO - [2026-05-16T16:48:52.117+0000] {dag.py:4180} INFO - Setting next_dagrun for banking_datastack_pipeline to 2026-05-16 00:00:00+00:00, run_after=2026-05-17 00:00:00+00:00
[2026-05-16T16:48:52.174+0000] {processor.py:208} INFO - Processing /opt/airflow/dags/bankinghub_dag.py took 1.607 seconds
[2026-05-16T16:49:22.465+0000] {processor.py:186} INFO - Started process (PID=553) to work on /opt/airflow/dags/bankinghub_dag.py
[2026-05-16T16:49:22.467+0000] {processor.py:914} INFO - Processing file /opt/airflow/dags/bankinghub_dag.py for tasks to queue
[2026-05-16T16:49:22.521+0000] {logging_mixin.py:190} INFO - [2026-05-16T16:49:22.513+0000] {dagbag.py:588} INFO - Filling up the DagBag from /opt/airflow/dags/bankinghub_dag.py
[2026-05-16T16:49:24.632+0000] {processor.py:925} INFO - DAG(s) 'banking_datastack_pipeline' retrieved from /opt/airflow/dags/bankinghub_dag.py
[2026-05-16T16:49:24.686+0000] {logging_mixin.py:190} INFO - [2026-05-16T16:49:24.686+0000] {dag.py:3239} INFO - Sync 1 DAGs
[2026-05-16T16:49:24.720+0000] {logging_mixin.py:190} INFO - [2026-05-16T16:49:24.720+0000] {dag.py:4180} INFO - Setting next_dagrun for banking_datastack_pipeline to 2026-05-16 00:00:00+00:00, run_after=2026-05-17 00:00:00+00:00
[2026-05-16T16:49:24.745+0000] {processor.py:208} INFO - Processing /opt/airflow/dags/bankinghub_dag.py took 2.293 seconds
[2026-05-16T16:49:54.958+0000] {processor.py:186} INFO - Started process (PID=565) to work on /opt/airflow/dags/bankinghub_dag.py
[2026-05-16T16:49:54.960+0000] {processor.py:914} INFO - Processing file /opt/airflow/dags/bankinghub_dag.py for tasks to queue
[2026-05-16T16:49:54.964+0000] {logging_mixin.py:190} INFO - [2026-05-16T16:49:54.963+0000] {dagbag.py:588} INFO - Filling up the DagBag from /opt/airflow/dags/bankinghub_dag.py
[2026-05-16T16:49:56.503+0000] {processor.py:925} INFO - DAG(s) 'banking_datastack_pipeline' retrieved from /opt/airflow/dags/bankinghub_dag.py
[2026-05-16T16:49:56.532+0000] {logging_mixin.py:190} INFO - [2026-05-16T16:49:56.532+0000] {dag.py:3239} INFO - Sync 1 DAGs
[2026-05-16T16:49:56.557+0000] {logging_mixin.py:190} INFO - [2026-05-16T16:49:56.557+0000] {dag.py:4180} INFO - Setting next_dagrun for banking_datastack_pipeline to 2026-05-16 00:00:00+00:00, run_after=2026-05-17 00:00:00+00:00
[2026-05-16T16:49:56.581+0000] {processor.py:208} INFO - Processing /opt/airflow/dags/bankinghub_dag.py took 1.635 seconds
[2026-05-16T16:50:27.108+0000] {processor.py:186} INFO - Started process (PID=584) to work on /opt/airflow/dags/bankinghub_dag.py
[2026-05-16T16:50:27.113+0000] {processor.py:914} INFO - Processing file /opt/airflow/dags/bankinghub_dag.py for tasks to queue
[2026-05-16T16:50:27.121+0000] {logging_mixin.py:190} INFO - [2026-05-16T16:50:27.120+0000] {dagbag.py:588} INFO - Filling up the DagBag from /opt/airflow/dags/bankinghub_dag.py
[2026-05-16T16:50:29.142+0000] {processor.py:925} INFO - DAG(s) 'banking_datastack_pipeline' retrieved from /opt/airflow/dags/bankinghub_dag.py
[2026-05-16T16:50:29.201+0000] {logging_mixin.py:190} INFO - [2026-05-16T16:50:29.200+0000] {dag.py:3239} INFO - Sync 1 DAGs
[2026-05-16T16:50:29.246+0000] {logging_mixin.py:190} INFO - [2026-05-16T16:50:29.245+0000] {dag.py:4180} INFO - Setting next_dagrun for banking_datastack_pipeline to 2026-05-16 00:00:00+00:00, run_after=2026-05-17 00:00:00+00:00
[2026-05-16T16:50:29.275+0000] {processor.py:208} INFO - Processing /opt/airflow/dags/bankinghub_dag.py took 2.189 seconds
[2026-05-16T16:50:59.465+0000] {processor.py:186} INFO - Started process (PID=592) to work on /opt/airflow/dags/bankinghub_dag.py
[2026-05-16T16:50:59.468+0000] {processor.py:914} INFO - Processing file /opt/airflow/dags/bankinghub_dag.py for tasks to queue
[2026-05-16T16:50:59.475+0000] {logging_mixin.py:190} INFO - [2026-05-16T16:50:59.474+0000] {dagbag.py:588} INFO - Filling up the DagBag from /opt/airflow/dags/bankinghub_dag.py
[2026-05-16T16:51:00.653+0000] {processor.py:925} INFO - DAG(s) 'banking_datastack_pipeline' retrieved from /opt/airflow/dags/bankinghub_dag.py
[2026-05-16T16:51:00.681+0000] {logging_mixin.py:190} INFO - [2026-05-16T16:51:00.680+0000] {dag.py:3239} INFO - Sync 1 DAGs
[2026-05-16T16:51:00.726+0000] {logging_mixin.py:190} INFO - [2026-05-16T16:51:00.726+0000] {dag.py:4180} INFO - Setting next_dagrun for banking_datastack_pipeline to 2026-05-16 00:00:00+00:00, run_after=2026-05-17 00:00:00+00:00
[2026-05-16T16:51:00.765+0000] {processor.py:208} INFO - Processing /opt/airflow/dags/bankinghub_dag.py took 1.317 seconds
[2026-05-16T16:51:31.052+0000] {processor.py:186} INFO - Started process (PID=600) to work on /opt/airflow/dags/bankinghub_dag.py
[2026-05-16T16:51:31.054+0000] {processor.py:914} INFO - Processing file /opt/airflow/dags/bankinghub_dag.py for tasks to queue
[2026-05-16T16:51:31.058+0000] {logging_mixin.py:190} INFO - [2026-05-16T16:51:31.057+0000] {dagbag.py:588} INFO - Filling up the DagBag from /opt/airflow/dags/bankinghub_dag.py
[2026-05-16T16:51:32.145+0000] {processor.py:925} INFO - DAG(s) 'banking_datastack_pipeline' retrieved from /opt/airflow/dags/bankinghub_dag.py
[2026-05-16T16:51:32.171+0000] {logging_mixin.py:190} INFO - [2026-05-16T16:51:32.171+0000] {dag.py:3239} INFO - Sync 1 DAGs
[2026-05-16T16:51:32.200+0000] {logging_mixin.py:190} INFO - [2026-05-16T16:51:32.199+0000] {dag.py:4180} INFO - Setting next_dagrun for banking_datastack_pipeline to 2026-05-16 00:00:00+00:00, run_after=2026-05-17 00:00:00+00:00
[2026-05-16T16:51:32.226+0000] {processor.py:208} INFO - Processing /opt/airflow/dags/bankinghub_dag.py took 1.183 seconds
[2026-05-16T16:52:02.743+0000] {processor.py:186} INFO - Started process (PID=608) to work on /opt/airflow/dags/bankinghub_dag.py
[2026-05-16T16:52:02.745+0000] {processor.py:914} INFO - Processing file /opt/airflow/dags/bankinghub_dag.py for tasks to queue
[2026-05-16T16:52:02.751+0000] {logging_mixin.py:190} INFO - [2026-05-16T16:52:02.750+0000] {dagbag.py:588} INFO - Filling up the DagBag from /opt/airflow/dags/bankinghub_dag.py
[2026-05-16T16:52:03.882+0000] {processor.py:925} INFO - DAG(s) 'banking_datastack_pipeline' retrieved from /opt/airflow/dags/bankinghub_dag.py
[2026-05-16T16:52:03.909+0000] {logging_mixin.py:190} INFO - [2026-05-16T16:52:03.909+0000] {dag.py:3239} INFO - Sync 1 DAGs
[2026-05-16T16:52:03.937+0000] {logging_mixin.py:190} INFO - [2026-05-16T16:52:03.937+0000] {dag.py:4180} INFO - Setting next_dagrun for banking_datastack_pipeline to 2026-05-16 00:00:00+00:00, run_after=2026-05-17 00:00:00+00:00
[2026-05-16T16:52:03.958+0000] {processor.py:208} INFO - Processing /opt/airflow/dags/bankinghub_dag.py took 1.230 seconds
[2026-05-16T16:52:34.206+0000] {processor.py:186} INFO - Started process (PID=616) to work on /opt/airflow/dags/bankinghub_dag.py
[2026-05-16T16:52:34.210+0000] {processor.py:914} INFO - Processing file /opt/airflow/dags/bankinghub_dag.py for tasks to queue
[2026-05-16T16:52:34.217+0000] {logging_mixin.py:190} INFO - [2026-05-16T16:52:34.216+0000] {dagbag.py:588} INFO - Filling up the DagBag from /opt/airflow/dags/bankinghub_dag.py
[2026-05-16T16:52:37.160+0000] {processor.py:925} INFO - DAG(s) 'banking_datastack_pipeline' retrieved from /opt/airflow/dags/bankinghub_dag.py
[2026-05-16T16:52:37.242+0000] {logging_mixin.py:190} INFO - [2026-05-16T16:52:37.233+0000] {dag.py:3239} INFO - Sync 1 DAGs
[2026-05-16T16:52:37.329+0000] {logging_mixin.py:190} INFO - [2026-05-16T16:52:37.329+0000] {dag.py:4180} INFO - Setting next_dagrun for banking_datastack_pipeline to 2026-05-16 00:00:00+00:00, run_after=2026-05-17 00:00:00+00:00
[2026-05-16T16:52:37.395+0000] {processor.py:208} INFO - Processing /opt/airflow/dags/bankinghub_dag.py took 3.208 seconds
[2026-05-16T16:53:07.966+0000] {processor.py:186} INFO - Started process (PID=624) to work on /opt/airflow/dags/bankinghub_dag.py
[2026-05-16T16:53:07.968+0000] {processor.py:914} INFO - Processing file /opt/airflow/dags/bankinghub_dag.py for tasks to queue
[2026-05-16T16:53:07.972+0000] {logging_mixin.py:190} INFO - [2026-05-16T16:53:07.972+0000] {dagbag.py:588} INFO - Filling up the DagBag from /opt/airflow/dags/bankinghub_dag.py
[2026-05-16T16:53:09.168+0000] {processor.py:925} INFO - DAG(s) 'banking_datastack_pipeline' retrieved from /opt/airflow/dags/bankinghub_dag.py
[2026-05-16T16:53:09.193+0000] {logging_mixin.py:190} INFO - [2026-05-16T16:53:09.193+0000] {dag.py:3239} INFO - Sync 1 DAGs
[2026-05-16T16:53:09.217+0000] {logging_mixin.py:190} INFO - [2026-05-16T16:53:09.217+0000] {dag.py:4180} INFO - Setting next_dagrun for banking_datastack_pipeline to 2026-05-16 00:00:00+00:00, run_after=2026-05-17 00:00:00+00:00
[2026-05-16T16:53:09.259+0000] {processor.py:208} INFO - Processing /opt/airflow/dags/bankinghub_dag.py took 1.311 seconds
[2026-05-16T16:53:39.621+0000] {processor.py:186} INFO - Started process (PID=632) to work on /opt/airflow/dags/bankinghub_dag.py
[2026-05-16T16:53:39.624+0000] {processor.py:914} INFO - Processing file /opt/airflow/dags/bankinghub_dag.py for tasks to queue
[2026-05-16T16:53:39.630+0000] {logging_mixin.py:190} INFO - [2026-05-16T16:53:39.630+0000] {dagbag.py:588} INFO - Filling up the DagBag from /opt/airflow/dags/bankinghub_dag.py
[2026-05-16T16:53:40.630+0000] {processor.py:925} INFO - DAG(s) 'banking_datastack_pipeline' retrieved from /opt/airflow/dags/bankinghub_dag.py
[2026-05-16T16:53:40.657+0000] {logging_mixin.py:190} INFO - [2026-05-16T16:53:40.656+0000] {dag.py:3239} INFO - Sync 1 DAGs
[2026-05-16T16:53:40.687+0000] {logging_mixin.py:190} INFO - [2026-05-16T16:53:40.686+0000] {dag.py:4180} INFO - Setting next_dagrun for banking_datastack_pipeline to 2026-05-16 00:00:00+00:00, run_after=2026-05-17 00:00:00+00:00
[2026-05-16T16:53:40.713+0000] {processor.py:208} INFO - Processing /opt/airflow/dags/bankinghub_dag.py took 1.106 seconds
[2026-05-16T16:54:11.720+0000] {processor.py:186} INFO - Started process (PID=640) to work on /opt/airflow/dags/bankinghub_dag.py
[2026-05-16T16:54:11.722+0000] {processor.py:914} INFO - Processing file /opt/airflow/dags/bankinghub_dag.py for tasks to queue
[2026-05-16T16:54:11.725+0000] {logging_mixin.py:190} INFO - [2026-05-16T16:54:11.725+0000] {dagbag.py:588} INFO - Filling up the DagBag from /opt/airflow/dags/bankinghub_dag.py
[2026-05-16T16:54:12.726+0000] {processor.py:925} INFO - DAG(s) 'banking_datastack_pipeline' retrieved from /opt/airflow/dags/bankinghub_dag.py
[2026-05-16T16:54:12.753+0000] {logging_mixin.py:190} INFO - [2026-05-16T16:54:12.752+0000] {dag.py:3239} INFO - Sync 1 DAGs
[2026-05-16T16:54:12.779+0000] {logging_mixin.py:190} INFO - [2026-05-16T16:54:12.779+0000] {dag.py:4180} INFO - Setting next_dagrun for banking_datastack_pipeline to 2026-05-16 00:00:00+00:00, run_after=2026-05-17 00:00:00+00:00
[2026-05-16T16:54:12.801+0000] {processor.py:208} INFO - Processing /opt/airflow/dags/bankinghub_dag.py took 1.092 seconds
[2026-05-16T16:54:43.196+0000] {processor.py:186} INFO - Started process (PID=648) to work on /opt/airflow/dags/bankinghub_dag.py
[2026-05-16T16:54:43.197+0000] {processor.py:914} INFO - Processing file /opt/airflow/dags/bankinghub_dag.py for tasks to queue
[2026-05-16T16:54:43.200+0000] {logging_mixin.py:190} INFO - [2026-05-16T16:54:43.200+0000] {dagbag.py:588} INFO - Filling up the DagBag from /opt/airflow/dags/bankinghub_dag.py
[2026-05-16T16:54:44.231+0000] {processor.py:925} INFO - DAG(s) 'banking_datastack_pipeline' retrieved from /opt/airflow/dags/bankinghub_dag.py
[2026-05-16T16:54:44.279+0000] {logging_mixin.py:190} INFO - [2026-05-16T16:54:44.278+0000] {dag.py:3239} INFO - Sync 1 DAGs
[2026-05-16T16:54:44.310+0000] {logging_mixin.py:190} INFO - [2026-05-16T16:54:44.310+0000] {dag.py:4180} INFO - Setting next_dagrun for banking_datastack_pipeline to 2026-05-16 00:00:00+00:00, run_after=2026-05-17 00:00:00+00:00
[2026-05-16T16:54:44.337+0000] {processor.py:208} INFO - Processing /opt/airflow/dags/bankinghub_dag.py took 1.148 seconds
[2026-05-16T16:55:15.160+0000] {processor.py:186} INFO - Started process (PID=656) to work on /opt/airflow/dags/bankinghub_dag.py
[2026-05-16T16:55:15.162+0000] {processor.py:914} INFO - Processing file /opt/airflow/dags/bankinghub_dag.py for tasks to queue
[2026-05-16T16:55:15.165+0000] {logging_mixin.py:190} INFO - [2026-05-16T16:55:15.164+0000] {dagbag.py:588} INFO - Filling up the DagBag from /opt/airflow/dags/bankinghub_dag.py
[2026-05-16T16:55:16.248+0000] {processor.py:925} INFO - DAG(s) 'banking_datastack_pipeline' retrieved from /opt/airflow/dags/bankinghub_dag.py
[2026-05-16T16:55:16.294+0000] {logging_mixin.py:190} INFO - [2026-05-16T16:55:16.293+0000] {dag.py:3239} INFO - Sync 1 DAGs
[2026-05-16T16:55:16.336+0000] {logging_mixin.py:190} INFO - [2026-05-16T16:55:16.335+0000] {dag.py:4180} INFO - Setting next_dagrun for banking_datastack_pipeline to 2026-05-16 00:00:00+00:00, run_after=2026-05-17 00:00:00+00:00
[2026-05-16T16:55:16.378+0000] {processor.py:208} INFO - Processing /opt/airflow/dags/bankinghub_dag.py took 1.229 seconds
[2026-05-16T16:55:46.901+0000] {processor.py:186} INFO - Started process (PID=664) to work on /opt/airflow/dags/bankinghub_dag.py
[2026-05-16T16:55:46.905+0000] {processor.py:914} INFO - Processing file /opt/airflow/dags/bankinghub_dag.py for tasks to queue
[2026-05-16T16:55:46.916+0000] {logging_mixin.py:190} INFO - [2026-05-16T16:55:46.915+0000] {dagbag.py:588} INFO - Filling up the DagBag from /opt/airflow/dags/bankinghub_dag.py
[2026-05-16T16:55:48.064+0000] {processor.py:925} INFO - DAG(s) 'banking_datastack_pipeline' retrieved from /opt/airflow/dags/bankinghub_dag.py
[2026-05-16T16:55:48.088+0000] {logging_mixin.py:190} INFO - [2026-05-16T16:55:48.087+0000] {dag.py:3239} INFO - Sync 1 DAGs
[2026-05-16T16:55:48.112+0000] {logging_mixin.py:190} INFO - [2026-05-16T16:55:48.112+0000] {dag.py:4180} INFO - Setting next_dagrun for banking_datastack_pipeline to 2026-05-16 00:00:00+00:00, run_after=2026-05-17 00:00:00+00:00
[2026-05-16T16:55:48.134+0000] {processor.py:208} INFO - Processing /opt/airflow/dags/bankinghub_dag.py took 1.255 seconds
[2026-05-16T16:56:18.209+0000] {processor.py:186} INFO - Started process (PID=672) to work on /opt/airflow/dags/bankinghub_dag.py
[2026-05-16T16:56:18.211+0000] {processor.py:914} INFO - Processing file /opt/airflow/dags/bankinghub_dag.py for tasks to queue
[2026-05-16T16:56:18.214+0000] {logging_mixin.py:190} INFO - [2026-05-16T16:56:18.213+0000] {dagbag.py:588} INFO - Filling up the DagBag from /opt/airflow/dags/bankinghub_dag.py
[2026-05-16T16:56:19.190+0000] {processor.py:925} INFO - DAG(s) 'banking_datastack_pipeline' retrieved from /opt/airflow/dags/bankinghub_dag.py
[2026-05-16T16:56:19.214+0000] {logging_mixin.py:190} INFO - [2026-05-16T16:56:19.214+0000] {dag.py:3239} INFO - Sync 1 DAGs
[2026-05-16T16:56:19.241+0000] {logging_mixin.py:190} INFO - [2026-05-16T16:56:19.240+0000] {dag.py:4180} INFO - Setting next_dagrun for banking_datastack_pipeline to 2026-05-16 00:00:00+00:00, run_after=2026-05-17 00:00:00+00:00
[2026-05-16T16:56:19.263+0000] {processor.py:208} INFO - Processing /opt/airflow/dags/bankinghub_dag.py took 1.062 seconds
[2026-05-16T16:56:49.637+0000] {processor.py:186} INFO - Started process (PID=680) to work on /opt/airflow/dags/bankinghub_dag.py
[2026-05-16T16:56:49.638+0000] {processor.py:914} INFO - Processing file /opt/airflow/dags/bankinghub_dag.py for tasks to queue
[2026-05-16T16:56:49.642+0000] {logging_mixin.py:190} INFO - [2026-05-16T16:56:49.641+0000] {dagbag.py:588} INFO - Filling up the DagBag from /opt/airflow/dags/bankinghub_dag.py
[2026-05-16T16:56:50.780+0000] {processor.py:925} INFO - DAG(s) 'banking_datastack_pipeline' retrieved from /opt/airflow/dags/bankinghub_dag.py
[2026-05-16T16:56:50.809+0000] {logging_mixin.py:190} INFO - [2026-05-16T16:56:50.808+0000] {dag.py:3239} INFO - Sync 1 DAGs
[2026-05-16T16:56:50.832+0000] {logging_mixin.py:190} INFO - [2026-05-16T16:56:50.832+0000] {dag.py:4180} INFO - Setting next_dagrun for banking_datastack_pipeline to 2026-05-16 00:00:00+00:00, run_after=2026-05-17 00:00:00+00:00
[2026-05-16T16:56:50.852+0000] {processor.py:208} INFO - Processing /opt/airflow/dags/bankinghub_dag.py took 1.223 seconds
