[2026-05-14T14:20:37.848+0000] {local_task_job_runner.py:123} INFO - ::group::Pre task execution logs
[2026-05-14T14:20:37.890+0000] {taskinstance.py:2614} INFO - Dependencies all met for dep_context=non-requeueable deps ti=<TaskInstance: banking_datastack_pipeline.dbt_transformations manual__2026-05-14T14:19:58.914861+00:00 [queued]>
[2026-05-14T14:20:37.908+0000] {taskinstance.py:2614} INFO - Dependencies all met for dep_context=requeueable deps ti=<TaskInstance: banking_datastack_pipeline.dbt_transformations manual__2026-05-14T14:19:58.914861+00:00 [queued]>
[2026-05-14T14:20:37.910+0000] {taskinstance.py:2867} INFO - Starting attempt 1 of 1
[2026-05-14T14:20:37.940+0000] {taskinstance.py:2890} INFO - Executing <Task(PythonOperator): dbt_transformations> on 2026-05-14 14:19:58.914861+00:00
[2026-05-14T14:20:37.953+0000] {standard_task_runner.py:104} INFO - Running: ['airflow', 'tasks', 'run', 'banking_datastack_pipeline', 'dbt_transformations', 'manual__2026-05-14T14:19:58.914861+00:00', '--job-id', '46', '--raw', '--subdir', 'DAGS_FOLDER/bankinghub_dag.py', '--cfg-path', '/tmp/tmpj0vngko1']
[2026-05-14T14:20:37.957+0000] {standard_task_runner.py:105} INFO - Job 46: Subtask dbt_transformations
[2026-05-14T14:20:37.957+0000] {logging_mixin.py:190} WARNING - /home/airflow/.local/lib/python3.12/site-packages/airflow/task/task_runner/standard_task_runner.py:70 DeprecationWarning: This process (pid=5323) is multi-threaded, use of fork() may lead to deadlocks in the child.
[2026-05-14T14:20:37.959+0000] {standard_task_runner.py:72} INFO - Started process 5327 to run task
[2026-05-14T14:20:38.038+0000] {task_command.py:467} INFO - Running <TaskInstance: banking_datastack_pipeline.dbt_transformations manual__2026-05-14T14:19:58.914861+00:00 [running]> on host 0bc8e9923f1f
[2026-05-14T14:20:38.153+0000] {taskinstance.py:3134} INFO - Exporting env vars: AIRFLOW_CTX_DAG_OWNER='airflow' AIRFLOW_CTX_DAG_ID='banking_datastack_pipeline' AIRFLOW_CTX_TASK_ID='dbt_transformations' AIRFLOW_CTX_EXECUTION_DATE='2026-05-14T14:19:58.914861+00:00' AIRFLOW_CTX_TRY_NUMBER='1' AIRFLOW_CTX_DAG_RUN_ID='manual__2026-05-14T14:19:58.914861+00:00'
[2026-05-14T14:20:38.154+0000] {taskinstance.py:732} INFO - ::endgroup::
[2026-05-14T14:20:38.170+0000] {dbt_layers.py:135} INFO - Running dbt snapshot for snapshots
[2026-05-14T14:20:46.632+0000] {dbt_layers.py:111} INFO - [0m14:20:41  Running with dbt=1.11.9
[0m14:20:42  Registered adapter: snowflake=1.11.4
[0m14:20:42  [[33mWARNING[0m]: Configuration paths exist in your dbt_project.yml file which do not apply to any resources.
There are 1 unused configuration paths:
- models.banking_dbt.example
[0m14:20:43  Found 2 snapshots, 6 models, 3 sources, 525 macros
[0m14:20:43  The selection criterion 'snapshots' does not match any enabled nodes
[0m14:20:43  Nothing to do. Try checking your model configs and model specification args

[2026-05-14T14:20:46.633+0000] {dbt_layers.py:135} INFO - Running dbt run for staging
[2026-05-14T14:21:03.832+0000] {dbt_layers.py:111} INFO - [0m14:20:49  Running with dbt=1.11.9
[0m14:20:51  Registered adapter: snowflake=1.11.4
[0m14:20:51  [[33mWARNING[0m]: Configuration paths exist in your dbt_project.yml file which do not apply to any resources.
There are 1 unused configuration paths:
- models.banking_dbt.example
[0m14:20:52  Found 2 snapshots, 6 models, 3 sources, 525 macros
[0m14:20:52  
[0m14:20:52  Concurrency: 4 threads (target='dev')
[0m14:20:52  
[0m14:20:55  1 of 3 START sql view model analytics.stg_account .............................. [RUN]
[0m14:20:55  2 of 3 START sql view model analytics.stg_customers ............................ [RUN]
[0m14:20:55  3 of 3 START sql view model analytics.stg_transactions ......................... [RUN]
[0m14:20:56  1 of 3 OK created sql view model analytics.stg_account ......................... [[32mSUCCESS 1[0m in 0.85s]
[0m14:20:56  2 of 3 OK created sql view model analytics.stg_customers ....................... [[32mSUCCESS 1[0m in 0.84s]
[0m14:20:57  3 of 3 OK created sql view model analytics.stg_transactions .................... [[32mSUCCESS 1[0m in 1.85s]
[0m14:21:01  
[0m14:21:01  Finished running 3 view models in 0 hours 0 minutes and 9.15 seconds (9.15s).
[0m14:21:01  
[0m14:21:01  [32mCompleted successfully[0m
[0m14:21:01  
[0m14:21:01  Done. PASS=3 WARN=0 ERROR=0 SKIP=0 NO-OP=0 TOTAL=3

[2026-05-14T14:21:03.833+0000] {dbt_layers.py:135} INFO - Running dbt run for marts
[2026-05-14T14:21:22.039+0000] {dbt_layers.py:111} INFO - [0m14:21:07  Running with dbt=1.11.9
[0m14:21:08  Registered adapter: snowflake=1.11.4
[0m14:21:09  [[33mWARNING[0m]: Configuration paths exist in your dbt_project.yml file which do not apply to any resources.
There are 1 unused configuration paths:
- models.banking_dbt.example
[0m14:21:09  Found 2 snapshots, 6 models, 3 sources, 525 macros
[0m14:21:09  
[0m14:21:09  Concurrency: 4 threads (target='dev')
[0m14:21:09  
[0m14:21:15  1 of 3 START sql table model analytics.dim_account ............................. [RUN]
[0m14:21:15  2 of 3 START sql table model analytics.dim_customers ........................... [RUN]
[0m14:21:15  3 of 3 START sql incremental model analytics.fct_transactions .................. [RUN]
[0m14:21:15  1 of 3 OK created sql table model analytics.dim_account ........................ [[32mSUCCESS 140[0m in 0.88s]
[0m14:21:15  2 of 3 OK created sql table model analytics.dim_customers ...................... [[32mSUCCESS 70[0m in 0.88s]
[0m14:21:18  3 of 3 OK created sql incremental model analytics.fct_transactions ............. [[32mSUCCESS 200[0m in 3.67s]
[0m14:21:20  
[0m14:21:20  Finished running 1 incremental model, 2 table models in 0 hours 0 minutes and 10.51 seconds (10.51s).
[0m14:21:20  
[0m14:21:20  [32mCompleted successfully[0m
[0m14:21:20  
[0m14:21:20  Done. PASS=3 WARN=0 ERROR=0 SKIP=0 NO-OP=0 TOTAL=3

[2026-05-14T14:21:22.040+0000] {python.py:240} INFO - Done. Returned value was: None
[2026-05-14T14:21:22.056+0000] {taskinstance.py:341} INFO - ::group::Post task execution logs
[2026-05-14T14:21:22.057+0000] {taskinstance.py:353} INFO - Marking task as SUCCESS. dag_id=banking_datastack_pipeline, task_id=dbt_transformations, run_id=manual__2026-05-14T14:19:58.914861+00:00, execution_date=20260514T141958, start_date=20260514T142037, end_date=20260514T142122
[2026-05-14T14:21:22.123+0000] {local_task_job_runner.py:266} INFO - Task exited with return code 0
[2026-05-14T14:21:22.146+0000] {taskinstance.py:3901} INFO - 1 downstream tasks scheduled from follow-on schedule check
[2026-05-14T14:21:22.152+0000] {local_task_job_runner.py:245} INFO - ::endgroup::
