[2026-05-14T14:30:52.166+0000] {local_task_job_runner.py:123} INFO - ::group::Pre task execution logs
[2026-05-14T14:30:52.184+0000] {taskinstance.py:2614} INFO - Dependencies all met for dep_context=non-requeueable deps ti=<TaskInstance: banking_datastack_pipeline.load_minio_to_snowflake manual__2026-05-14T14:30:49.437631+00:00 [queued]>
[2026-05-14T14:30:52.194+0000] {taskinstance.py:2614} INFO - Dependencies all met for dep_context=requeueable deps ti=<TaskInstance: banking_datastack_pipeline.load_minio_to_snowflake manual__2026-05-14T14:30:49.437631+00:00 [queued]>
[2026-05-14T14:30:52.195+0000] {taskinstance.py:2867} INFO - Starting attempt 1 of 1
[2026-05-14T14:30:52.210+0000] {taskinstance.py:2890} INFO - Executing <Task(PythonOperator): load_minio_to_snowflake> on 2026-05-14 14:30:49.437631+00:00
[2026-05-14T14:30:52.227+0000] {standard_task_runner.py:104} INFO - Running: ['airflow', 'tasks', 'run', 'banking_datastack_pipeline', 'load_minio_to_snowflake', 'manual__2026-05-14T14:30:49.437631+00:00', '--job-id', '51', '--raw', '--subdir', 'DAGS_FOLDER/bankinghub_dag.py', '--cfg-path', '/tmp/tmpxdpbcyxg']
[2026-05-14T14:30:52.235+0000] {logging_mixin.py:190} WARNING - /home/airflow/.local/lib/python3.12/site-packages/airflow/task/task_runner/standard_task_runner.py:70 DeprecationWarning: This process (pid=5672) is multi-threaded, use of fork() may lead to deadlocks in the child.
[2026-05-14T14:30:52.236+0000] {standard_task_runner.py:105} INFO - Job 51: Subtask load_minio_to_snowflake
[2026-05-14T14:30:52.237+0000] {standard_task_runner.py:72} INFO - Started process 5676 to run task
[2026-05-14T14:30:52.335+0000] {task_command.py:467} INFO - Running <TaskInstance: banking_datastack_pipeline.load_minio_to_snowflake manual__2026-05-14T14:30:49.437631+00:00 [running]> on host 0bc8e9923f1f
[2026-05-14T14:30:52.463+0000] {taskinstance.py:3134} INFO - Exporting env vars: AIRFLOW_CTX_DAG_OWNER='airflow' AIRFLOW_CTX_DAG_ID='banking_datastack_pipeline' AIRFLOW_CTX_TASK_ID='load_minio_to_snowflake' AIRFLOW_CTX_EXECUTION_DATE='2026-05-14T14:30:49.437631+00:00' AIRFLOW_CTX_TRY_NUMBER='1' AIRFLOW_CTX_DAG_RUN_ID='manual__2026-05-14T14:30:49.437631+00:00'
[2026-05-14T14:30:52.466+0000] {taskinstance.py:732} INFO - ::endgroup::
[2026-05-14T14:30:52.491+0000] {load_to_snowflake.py:60} INFO - Starting MinIO -> Snowflake pipeline
[2026-05-14T14:30:52.493+0000] {load_to_snowflake.py:73} INFO - Step 1: Extracting parquet files from MinIO
[2026-05-14T14:30:52.558+0000] {load_to_snowflake.py:113} INFO - customers: downloaded=2, skipped=1
[2026-05-14T14:30:52.902+0000] {load_to_snowflake.py:113} INFO - account: downloaded=14, skipped=1
[2026-05-14T14:30:53.161+0000] {load_to_snowflake.py:113} INFO - transactions: downloaded=10, skipped=1
[2026-05-14T14:30:53.163+0000] {load_to_snowflake.py:117} INFO - Extraction complete | total_downloaded=26, total_skipped=3
[2026-05-14T14:30:53.164+0000] {load_to_snowflake.py:124} INFO - Step 2: Uploading files to Snowflake internal stage
[2026-05-14T14:30:53.166+0000] {connection.py:626} INFO - Snowflake Connector for Python Version: 4.5.0, Python Version: 3.12.9, Platform: Linux-6.6.114.1-microsoft-standard-WSL2-x86_64-with-glibc2.36
[2026-05-14T14:30:53.168+0000] {connection.py:1735} INFO - Connecting to GLOBAL Snowflake domain
[2026-05-14T14:31:00.672+0000] {load_to_snowflake.py:144} INFO - customers: uploaded=2
[2026-05-14T14:31:14.719+0000] {load_to_snowflake.py:144} INFO - account: uploaded=14
[2026-05-14T14:31:23.274+0000] {load_to_snowflake.py:144} INFO - transactions: uploaded=10
[2026-05-14T14:31:24.022+0000] {load_to_snowflake.py:148} INFO - Upload complete | total_uploaded=26
[2026-05-14T14:31:24.024+0000] {load_to_snowflake.py:155} INFO - Step 3: Loading staged files into raw tables
[2026-05-14T14:31:24.030+0000] {connection.py:626} INFO - Snowflake Connector for Python Version: 4.5.0, Python Version: 3.12.9, Platform: Linux-6.6.114.1-microsoft-standard-WSL2-x86_64-with-glibc2.36
[2026-05-14T14:31:24.039+0000] {connection.py:1735} INFO - Connecting to GLOBAL Snowflake domain
[2026-05-14T14:31:27.239+0000] {load_to_snowflake.py:172} INFO - customers: loaded successfully into RAW.CUSTOMERS
[2026-05-14T14:31:28.215+0000] {load_to_snowflake.py:172} INFO - account: loaded successfully into RAW.ACCOUNT
[2026-05-14T14:31:29.817+0000] {load_to_snowflake.py:172} INFO - transactions: loaded successfully into RAW.TRANSACTIONS
[2026-05-14T14:31:31.071+0000] {load_to_snowflake.py:176} INFO - Pipeline completed successfully
[2026-05-14T14:31:31.073+0000] {python.py:240} INFO - Done. Returned value was: None
[2026-05-14T14:31:31.091+0000] {taskinstance.py:341} INFO - ::group::Post task execution logs
[2026-05-14T14:31:31.092+0000] {taskinstance.py:353} INFO - Marking task as SUCCESS. dag_id=banking_datastack_pipeline, task_id=load_minio_to_snowflake, run_id=manual__2026-05-14T14:30:49.437631+00:00, execution_date=20260514T143049, start_date=20260514T143052, end_date=20260514T143131
[2026-05-14T14:31:31.157+0000] {local_task_job_runner.py:266} INFO - Task exited with return code 0
[2026-05-14T14:31:31.203+0000] {taskinstance.py:3901} INFO - 1 downstream tasks scheduled from follow-on schedule check
[2026-05-14T14:31:31.206+0000] {local_task_job_runner.py:245} INFO - ::endgroup::
