[2026-05-13T15:10:03.543+0000] {local_task_job_runner.py:123} INFO - ::group::Pre task execution logs
[2026-05-13T15:10:03.569+0000] {taskinstance.py:2614} INFO - Dependencies all met for dep_context=non-requeueable deps ti=<TaskInstance: minio_to_snowflake.upload_to_snowflake_stage manual__2026-05-13T15:09:58.320831+00:00 [queued]>
[2026-05-13T15:10:03.582+0000] {taskinstance.py:2614} INFO - Dependencies all met for dep_context=requeueable deps ti=<TaskInstance: minio_to_snowflake.upload_to_snowflake_stage manual__2026-05-13T15:09:58.320831+00:00 [queued]>
[2026-05-13T15:10:03.583+0000] {taskinstance.py:2867} INFO - Starting attempt 1 of 1
[2026-05-13T15:10:03.603+0000] {taskinstance.py:2890} INFO - Executing <Task(PythonOperator): upload_to_snowflake_stage> on 2026-05-13 15:09:58.320831+00:00
[2026-05-13T15:10:03.626+0000] {standard_task_runner.py:104} INFO - Running: ['airflow', 'tasks', 'run', 'minio_to_snowflake', 'upload_to_snowflake_stage', 'manual__2026-05-13T15:09:58.320831+00:00', '--job-id', '19', '--raw', '--subdir', 'DAGS_FOLDER/load_to_snowflake.py', '--cfg-path', '/tmp/tmp6axpcfzn']
[2026-05-13T15:10:03.633+0000] {standard_task_runner.py:105} INFO - Job 19: Subtask upload_to_snowflake_stage
[2026-05-13T15:10:03.634+0000] {logging_mixin.py:190} WARNING - /home/airflow/.local/lib/python3.12/site-packages/airflow/task/task_runner/standard_task_runner.py:70 DeprecationWarning: This process (pid=3294) is multi-threaded, use of fork() may lead to deadlocks in the child.
[2026-05-13T15:10:03.636+0000] {standard_task_runner.py:72} INFO - Started process 3298 to run task
[2026-05-13T15:10:03.731+0000] {task_command.py:467} INFO - Running <TaskInstance: minio_to_snowflake.upload_to_snowflake_stage manual__2026-05-13T15:09:58.320831+00:00 [running]> on host f29c735a189b
[2026-05-13T15:10:03.846+0000] {taskinstance.py:3134} INFO - Exporting env vars: AIRFLOW_CTX_DAG_OWNER='airflow' AIRFLOW_CTX_DAG_ID='minio_to_snowflake' AIRFLOW_CTX_TASK_ID='upload_to_snowflake_stage' AIRFLOW_CTX_EXECUTION_DATE='2026-05-13T15:09:58.320831+00:00' AIRFLOW_CTX_TRY_NUMBER='1' AIRFLOW_CTX_DAG_RUN_ID='manual__2026-05-13T15:09:58.320831+00:00'
[2026-05-13T15:10:03.847+0000] {taskinstance.py:732} INFO - ::endgroup::
[2026-05-13T15:10:03.892+0000] {base.py:84} INFO - Retrieving connection 'snowflake_conn'
[2026-05-13T15:10:03.895+0000] {connection.py:626} INFO - Snowflake Connector for Python Version: 4.5.0, Python Version: 3.12.9, Platform: Linux-6.6.114.1-microsoft-standard-WSL2-x86_64-with-glibc2.36
[2026-05-13T15:10:03.896+0000] {connection.py:1735} INFO - Connecting to GLOBAL Snowflake domain
[2026-05-13T15:10:11.795+0000] {logging_mixin.py:190} INFO - Uploaded /tmp/customers_20260511_223447_001421.parquet to stage/customers
[2026-05-13T15:10:12.765+0000] {logging_mixin.py:190} INFO - Uploaded /tmp/customers_20260511_223447_096511.parquet to stage/customers
[2026-05-13T15:10:13.830+0000] {logging_mixin.py:190} INFO - Uploaded /tmp/customers_20260511_223447_168009.parquet to stage/customers
[2026-05-13T15:10:15.097+0000] {logging_mixin.py:190} INFO - Uploaded /tmp/account_20260511_223445_942108.parquet to stage/account
[2026-05-13T15:10:16.282+0000] {logging_mixin.py:190} INFO - Uploaded /tmp/account_20260511_223446_015641.parquet to stage/account
[2026-05-13T15:10:17.103+0000] {logging_mixin.py:190} INFO - Uploaded /tmp/account_20260511_223446_272578.parquet to stage/account
[2026-05-13T15:10:17.924+0000] {logging_mixin.py:190} INFO - Uploaded /tmp/account_20260511_223446_366327.parquet to stage/account
[2026-05-13T15:10:18.578+0000] {logging_mixin.py:190} INFO - Uploaded /tmp/account_20260511_223446_657377.parquet to stage/account
[2026-05-13T15:10:19.419+0000] {logging_mixin.py:190} INFO - Uploaded /tmp/account_20260511_223446_744570.parquet to stage/account
[2026-05-13T15:10:20.359+0000] {logging_mixin.py:190} INFO - Uploaded /tmp/account_20260511_223446_914431.parquet to stage/account
[2026-05-13T15:10:21.051+0000] {logging_mixin.py:190} INFO - Uploaded /tmp/account_20260511_223755_344982.parquet to stage/account
[2026-05-13T15:10:22.206+0000] {logging_mixin.py:190} INFO - Uploaded /tmp/transactions_20260511_223442_478715.parquet to stage/transactions
[2026-05-13T15:10:25.709+0000] {logging_mixin.py:190} INFO - Uploaded /tmp/transactions_20260511_223442_782067.parquet to stage/transactions
[2026-05-13T15:10:26.395+0000] {logging_mixin.py:190} INFO - Uploaded /tmp/transactions_20260511_223442_855078.parquet to stage/transactions
[2026-05-13T15:10:27.196+0000] {logging_mixin.py:190} INFO - Uploaded /tmp/transactions_20260511_223442_926768.parquet to stage/transactions
[2026-05-13T15:10:27.845+0000] {logging_mixin.py:190} INFO - Uploaded /tmp/transactions_20260511_223443_004795.parquet to stage/transactions
[2026-05-13T15:10:28.504+0000] {logging_mixin.py:190} INFO - Uploaded /tmp/transactions_20260511_223443_082360.parquet to stage/transactions
[2026-05-13T15:10:29.108+0000] {logging_mixin.py:190} INFO - Uploaded /tmp/transactions_20260511_223443_478124.parquet to stage/transactions
[2026-05-13T15:10:30.381+0000] {logging_mixin.py:190} INFO - Uploaded /tmp/transactions_20260511_223443_908520.parquet to stage/transactions
[2026-05-13T15:10:31.709+0000] {logging_mixin.py:190} INFO - Uploaded /tmp/transactions_20260511_223443_996535.parquet to stage/transactions
[2026-05-13T15:10:32.382+0000] {logging_mixin.py:190} INFO - Uploaded /tmp/transactions_20260511_223445_470954.parquet to stage/transactions
[2026-05-13T15:10:32.753+0000] {python.py:240} INFO - Done. Returned value was: None
[2026-05-13T15:10:32.772+0000] {taskinstance.py:341} INFO - ::group::Post task execution logs
[2026-05-13T15:10:32.773+0000] {taskinstance.py:353} INFO - Marking task as SUCCESS. dag_id=minio_to_snowflake, task_id=upload_to_snowflake_stage, run_id=manual__2026-05-13T15:09:58.320831+00:00, execution_date=20260513T150958, start_date=20260513T151003, end_date=20260513T151032
[2026-05-13T15:10:32.854+0000] {local_task_job_runner.py:266} INFO - Task exited with return code 0
[2026-05-13T15:10:32.883+0000] {taskinstance.py:3901} INFO - 1 downstream tasks scheduled from follow-on schedule check
[2026-05-13T15:10:32.886+0000] {local_task_job_runner.py:245} INFO - ::endgroup::
