[2026-05-13T15:05:58.926+0000] {local_task_job_runner.py:123} INFO - ::group::Pre task execution logs
[2026-05-13T15:05:58.958+0000] {taskinstance.py:2614} INFO - Dependencies all met for dep_context=non-requeueable deps ti=<TaskInstance: minio_to_snowflake.upload_to_snowflake_stage manual__2026-05-13T15:05:53.007186+00:00 [queued]>
[2026-05-13T15:05:58.973+0000] {taskinstance.py:2614} INFO - Dependencies all met for dep_context=requeueable deps ti=<TaskInstance: minio_to_snowflake.upload_to_snowflake_stage manual__2026-05-13T15:05:53.007186+00:00 [queued]>
[2026-05-13T15:05:58.974+0000] {taskinstance.py:2867} INFO - Starting attempt 1 of 1
[2026-05-13T15:05:58.999+0000] {taskinstance.py:2890} INFO - Executing <Task(PythonOperator): upload_to_snowflake_stage> on 2026-05-13 15:05:53.007186+00:00
[2026-05-13T15:05:59.017+0000] {standard_task_runner.py:104} INFO - Running: ['airflow', 'tasks', 'run', 'minio_to_snowflake', 'upload_to_snowflake_stage', 'manual__2026-05-13T15:05:53.007186+00:00', '--job-id', '16', '--raw', '--subdir', 'DAGS_FOLDER/load_to_snowflake.py', '--cfg-path', '/tmp/tmpqgfearwj']
[2026-05-13T15:05:59.022+0000] {logging_mixin.py:190} WARNING - /home/airflow/.local/lib/python3.12/site-packages/airflow/task/task_runner/standard_task_runner.py:70 DeprecationWarning: This process (pid=3143) is multi-threaded, use of fork() may lead to deadlocks in the child.
[2026-05-13T15:05:59.023+0000] {standard_task_runner.py:105} INFO - Job 16: Subtask upload_to_snowflake_stage
[2026-05-13T15:05:59.023+0000] {standard_task_runner.py:72} INFO - Started process 3147 to run task
[2026-05-13T15:05:59.170+0000] {task_command.py:467} INFO - Running <TaskInstance: minio_to_snowflake.upload_to_snowflake_stage manual__2026-05-13T15:05:53.007186+00:00 [running]> on host f29c735a189b
[2026-05-13T15:05:59.433+0000] {taskinstance.py:3134} INFO - Exporting env vars: AIRFLOW_CTX_DAG_OWNER='airflow' AIRFLOW_CTX_DAG_ID='minio_to_snowflake' AIRFLOW_CTX_TASK_ID='upload_to_snowflake_stage' AIRFLOW_CTX_EXECUTION_DATE='2026-05-13T15:05:53.007186+00:00' AIRFLOW_CTX_TRY_NUMBER='1' AIRFLOW_CTX_DAG_RUN_ID='manual__2026-05-13T15:05:53.007186+00:00'
[2026-05-13T15:05:59.441+0000] {taskinstance.py:732} INFO - ::endgroup::
[2026-05-13T15:05:59.543+0000] {base.py:84} INFO - Retrieving connection 'snowflake_conn'
[2026-05-13T15:05:59.550+0000] {connection.py:626} INFO - Snowflake Connector for Python Version: 4.5.0, Python Version: 3.12.9, Platform: Linux-6.6.114.1-microsoft-standard-WSL2-x86_64-with-glibc2.36
[2026-05-13T15:05:59.552+0000] {connection.py:1735} INFO - Connecting to GLOBAL Snowflake domain
[2026-05-13T15:06:05.629+0000] {logging_mixin.py:190} INFO - Uploaded /tmp/customers_20260511_223447_001421.parquet to stage/customers
[2026-05-13T15:06:06.582+0000] {logging_mixin.py:190} INFO - Uploaded /tmp/customers_20260511_223447_096511.parquet to stage/customers
[2026-05-13T15:06:07.329+0000] {logging_mixin.py:190} INFO - Uploaded /tmp/customers_20260511_223447_168009.parquet to stage/customers
[2026-05-13T15:06:08.293+0000] {logging_mixin.py:190} INFO - Uploaded /tmp/account_20260511_223445_942108.parquet to stage/account
[2026-05-13T15:06:09.113+0000] {logging_mixin.py:190} INFO - Uploaded /tmp/account_20260511_223446_015641.parquet to stage/account
[2026-05-13T15:06:10.141+0000] {logging_mixin.py:190} INFO - Uploaded /tmp/account_20260511_223446_272578.parquet to stage/account
[2026-05-13T15:06:11.055+0000] {logging_mixin.py:190} INFO - Uploaded /tmp/account_20260511_223446_366327.parquet to stage/account
[2026-05-13T15:06:12.070+0000] {logging_mixin.py:190} INFO - Uploaded /tmp/account_20260511_223446_657377.parquet to stage/account
[2026-05-13T15:06:13.024+0000] {logging_mixin.py:190} INFO - Uploaded /tmp/account_20260511_223446_744570.parquet to stage/account
[2026-05-13T15:06:14.132+0000] {logging_mixin.py:190} INFO - Uploaded /tmp/account_20260511_223446_914431.parquet to stage/account
[2026-05-13T15:06:15.231+0000] {logging_mixin.py:190} INFO - Uploaded /tmp/account_20260511_223755_344982.parquet to stage/account
[2026-05-13T15:06:19.787+0000] {logging_mixin.py:190} INFO - Uploaded /tmp/transactions_20260511_223442_478715.parquet to stage/transactions
[2026-05-13T15:06:22.469+0000] {logging_mixin.py:190} INFO - Uploaded /tmp/transactions_20260511_223442_782067.parquet to stage/transactions
[2026-05-13T15:06:23.469+0000] {logging_mixin.py:190} INFO - Uploaded /tmp/transactions_20260511_223442_855078.parquet to stage/transactions
[2026-05-13T15:06:25.258+0000] {logging_mixin.py:190} INFO - Uploaded /tmp/transactions_20260511_223442_926768.parquet to stage/transactions
[2026-05-13T15:06:26.576+0000] {logging_mixin.py:190} INFO - Uploaded /tmp/transactions_20260511_223443_004795.parquet to stage/transactions
[2026-05-13T15:06:28.427+0000] {logging_mixin.py:190} INFO - Uploaded /tmp/transactions_20260511_223443_082360.parquet to stage/transactions
[2026-05-13T15:06:29.370+0000] {logging_mixin.py:190} INFO - Uploaded /tmp/transactions_20260511_223443_478124.parquet to stage/transactions
[2026-05-13T15:06:30.398+0000] {logging_mixin.py:190} INFO - Uploaded /tmp/transactions_20260511_223443_908520.parquet to stage/transactions
[2026-05-13T15:06:31.787+0000] {logging_mixin.py:190} INFO - Uploaded /tmp/transactions_20260511_223443_996535.parquet to stage/transactions
[2026-05-13T15:06:32.556+0000] {logging_mixin.py:190} INFO - Uploaded /tmp/transactions_20260511_223445_470954.parquet to stage/transactions
[2026-05-13T15:06:33.066+0000] {python.py:240} INFO - Done. Returned value was: None
[2026-05-13T15:06:33.115+0000] {taskinstance.py:341} INFO - ::group::Post task execution logs
[2026-05-13T15:06:33.116+0000] {taskinstance.py:353} INFO - Marking task as SUCCESS. dag_id=minio_to_snowflake, task_id=upload_to_snowflake_stage, run_id=manual__2026-05-13T15:05:53.007186+00:00, execution_date=20260513T150553, start_date=20260513T150558, end_date=20260513T150633
[2026-05-13T15:06:33.214+0000] {local_task_job_runner.py:266} INFO - Task exited with return code 0
[2026-05-13T15:06:33.274+0000] {taskinstance.py:3901} INFO - 1 downstream tasks scheduled from follow-on schedule check
[2026-05-13T15:06:33.279+0000] {local_task_job_runner.py:245} INFO - ::endgroup::
