[2026-05-14T14:32:39.380+0000] {local_task_job_runner.py:123} INFO - ::group::Pre task execution logs
[2026-05-14T14:32:39.407+0000] {taskinstance.py:2614} INFO - Dependencies all met for dep_context=non-requeueable deps ti=<TaskInstance: banking_datastack_pipeline.data_quality_checks manual__2026-05-14T14:30:49.437631+00:00 [queued]>
[2026-05-14T14:32:39.419+0000] {taskinstance.py:2614} INFO - Dependencies all met for dep_context=requeueable deps ti=<TaskInstance: banking_datastack_pipeline.data_quality_checks manual__2026-05-14T14:30:49.437631+00:00 [queued]>
[2026-05-14T14:32:39.420+0000] {taskinstance.py:2867} INFO - Starting attempt 1 of 1
[2026-05-14T14:32:39.438+0000] {taskinstance.py:2890} INFO - Executing <Task(PythonOperator): data_quality_checks> on 2026-05-14 14:30:49.437631+00:00
[2026-05-14T14:32:39.454+0000] {standard_task_runner.py:104} INFO - Running: ['airflow', 'tasks', 'run', 'banking_datastack_pipeline', 'data_quality_checks', 'manual__2026-05-14T14:30:49.437631+00:00', '--job-id', '53', '--raw', '--subdir', 'DAGS_FOLDER/bankinghub_dag.py', '--cfg-path', '/tmp/tmpkz4xxb9i']
[2026-05-14T14:32:39.457+0000] {standard_task_runner.py:105} INFO - Job 53: Subtask data_quality_checks
[2026-05-14T14:32:39.458+0000] {logging_mixin.py:190} WARNING - /home/airflow/.local/lib/python3.12/site-packages/airflow/task/task_runner/standard_task_runner.py:70 DeprecationWarning: This process (pid=5829) is multi-threaded, use of fork() may lead to deadlocks in the child.
[2026-05-14T14:32:39.459+0000] {standard_task_runner.py:72} INFO - Started process 5839 to run task
[2026-05-14T14:32:39.531+0000] {task_command.py:467} INFO - Running <TaskInstance: banking_datastack_pipeline.data_quality_checks manual__2026-05-14T14:30:49.437631+00:00 [running]> on host 0bc8e9923f1f
[2026-05-14T14:32:39.669+0000] {taskinstance.py:3134} INFO - Exporting env vars: AIRFLOW_CTX_DAG_OWNER='airflow' AIRFLOW_CTX_DAG_ID='banking_datastack_pipeline' AIRFLOW_CTX_TASK_ID='data_quality_checks' AIRFLOW_CTX_EXECUTION_DATE='2026-05-14T14:30:49.437631+00:00' AIRFLOW_CTX_TRY_NUMBER='1' AIRFLOW_CTX_DAG_RUN_ID='manual__2026-05-14T14:30:49.437631+00:00'
[2026-05-14T14:32:39.672+0000] {taskinstance.py:732} INFO - ::endgroup::
[2026-05-14T14:32:39.694+0000] {connection.py:626} INFO - Snowflake Connector for Python Version: 4.5.0, Python Version: 3.12.9, Platform: Linux-6.6.114.1-microsoft-standard-WSL2-x86_64-with-glibc2.36
[2026-05-14T14:32:39.696+0000] {connection.py:1735} INFO - Connecting to GLOBAL Snowflake domain
[2026-05-14T14:32:42.831+0000] {dbt_layers.py:217} INFO - duplicate_transaction_id: []
[2026-05-14T14:32:43.120+0000] {dbt_layers.py:217} INFO - duplicate_customer_id: []
[2026-05-14T14:32:43.414+0000] {dbt_layers.py:217} INFO - duplicate_account_id: []
[2026-05-14T14:32:43.992+0000] {python.py:240} INFO - Done. Returned value was: None
[2026-05-14T14:32:44.018+0000] {taskinstance.py:341} INFO - ::group::Post task execution logs
[2026-05-14T14:32:44.019+0000] {taskinstance.py:353} INFO - Marking task as SUCCESS. dag_id=banking_datastack_pipeline, task_id=data_quality_checks, run_id=manual__2026-05-14T14:30:49.437631+00:00, execution_date=20260514T143049, start_date=20260514T143239, end_date=20260514T143244
[2026-05-14T14:32:44.100+0000] {local_task_job_runner.py:266} INFO - Task exited with return code 0
[2026-05-14T14:32:44.120+0000] {taskinstance.py:3901} INFO - 0 downstream tasks scheduled from follow-on schedule check
[2026-05-14T14:32:44.124+0000] {local_task_job_runner.py:245} INFO - ::endgroup::
