[2026-05-16T16:50:00.406+0000] {local_task_job_runner.py:123} INFO - ::group::Pre task execution logs
[2026-05-16T16:50:00.426+0000] {taskinstance.py:2614} INFO - Dependencies all met for dep_context=non-requeueable deps ti=<TaskInstance: banking_datastack_pipeline.data_quality_checks scheduled__2026-05-15T00:00:00+00:00 [queued]>
[2026-05-16T16:50:00.436+0000] {taskinstance.py:2614} INFO - Dependencies all met for dep_context=requeueable deps ti=<TaskInstance: banking_datastack_pipeline.data_quality_checks scheduled__2026-05-15T00:00:00+00:00 [queued]>
[2026-05-16T16:50:00.437+0000] {taskinstance.py:2867} INFO - Starting attempt 1 of 1
[2026-05-16T16:50:00.455+0000] {taskinstance.py:2890} INFO - Executing <Task(PythonOperator): data_quality_checks> on 2026-05-15 00:00:00+00:00
[2026-05-16T16:50:00.469+0000] {logging_mixin.py:190} WARNING - /home/airflow/.local/lib/python3.12/site-packages/airflow/task/task_runner/standard_task_runner.py:70 DeprecationWarning: This process (pid=573) is multi-threaded, use of fork() may lead to deadlocks in the child.
[2026-05-16T16:50:00.467+0000] {standard_task_runner.py:104} INFO - Running: ['airflow', 'tasks', 'run', 'banking_datastack_pipeline', 'data_quality_checks', 'scheduled__2026-05-15T00:00:00+00:00', '--job-id', '63', '--raw', '--subdir', 'DAGS_FOLDER/bankinghub_dag.py', '--cfg-path', '/tmp/tmpfi28lh3e']
[2026-05-16T16:50:00.470+0000] {standard_task_runner.py:72} INFO - Started process 577 to run task
[2026-05-16T16:50:00.471+0000] {standard_task_runner.py:105} INFO - Job 63: Subtask data_quality_checks
[2026-05-16T16:50:00.581+0000] {task_command.py:467} INFO - Running <TaskInstance: banking_datastack_pipeline.data_quality_checks scheduled__2026-05-15T00:00:00+00:00 [running]> on host 948b0d588911
[2026-05-16T16:50:00.737+0000] {taskinstance.py:3134} INFO - Exporting env vars: AIRFLOW_CTX_DAG_OWNER='airflow' AIRFLOW_CTX_DAG_ID='banking_datastack_pipeline' AIRFLOW_CTX_TASK_ID='data_quality_checks' AIRFLOW_CTX_EXECUTION_DATE='2026-05-15T00:00:00+00:00' AIRFLOW_CTX_TRY_NUMBER='1' AIRFLOW_CTX_DAG_RUN_ID='scheduled__2026-05-15T00:00:00+00:00'
[2026-05-16T16:50:00.740+0000] {taskinstance.py:732} INFO - ::endgroup::
[2026-05-16T16:50:00.771+0000] {connection.py:626} INFO - Snowflake Connector for Python Version: 4.5.0, Python Version: 3.12.9, Platform: Linux-6.6.114.1-microsoft-standard-WSL2-x86_64-with-glibc2.36
[2026-05-16T16:50:00.773+0000] {connection.py:1735} INFO - Connecting to GLOBAL Snowflake domain
[2026-05-16T16:50:53.344+0000] {dbt_layers.py:135} INFO - duplicate_transaction_id: []
[2026-05-16T16:50:54.242+0000] {dbt_layers.py:135} INFO - duplicate_customer_id: []
[2026-05-16T16:50:54.817+0000] {dbt_layers.py:135} INFO - duplicate_account_id: []
[2026-05-16T16:50:57.691+0000] {python.py:240} INFO - Done. Returned value was: None
[2026-05-16T16:50:57.742+0000] {taskinstance.py:341} INFO - ::group::Post task execution logs
[2026-05-16T16:50:57.745+0000] {taskinstance.py:353} INFO - Marking task as SUCCESS. dag_id=banking_datastack_pipeline, task_id=data_quality_checks, run_id=scheduled__2026-05-15T00:00:00+00:00, execution_date=20260515T000000, start_date=20260516T165000, end_date=20260516T165057
[2026-05-16T16:50:57.950+0000] {local_task_job_runner.py:266} INFO - Task exited with return code 0
[2026-05-16T16:50:57.973+0000] {taskinstance.py:3901} INFO - 0 downstream tasks scheduled from follow-on schedule check
[2026-05-16T16:50:57.976+0000] {local_task_job_runner.py:245} INFO - ::endgroup::
