[2026-05-14T07:20:54.079+0000] {local_task_job_runner.py:123} INFO - ::group::Pre task execution logs
[2026-05-14T07:20:54.115+0000] {taskinstance.py:2614} INFO - Dependencies all met for dep_context=non-requeueable deps ti=<TaskInstance: banking_datastack_pipeline.load_minio_to_snowflake scheduled__2026-05-13T00:00:00+00:00 [queued]>
[2026-05-14T07:20:54.133+0000] {taskinstance.py:2614} INFO - Dependencies all met for dep_context=requeueable deps ti=<TaskInstance: banking_datastack_pipeline.load_minio_to_snowflake scheduled__2026-05-13T00:00:00+00:00 [queued]>
[2026-05-14T07:20:54.135+0000] {taskinstance.py:2867} INFO - Starting attempt 1 of 1
[2026-05-14T07:20:54.162+0000] {taskinstance.py:2890} INFO - Executing <Task(PythonOperator): load_minio_to_snowflake> on 2026-05-13 00:00:00+00:00
[2026-05-14T07:20:54.187+0000] {standard_task_runner.py:104} INFO - Running: ['airflow', 'tasks', 'run', 'banking_datastack_pipeline', 'load_minio_to_snowflake', 'scheduled__2026-05-13T00:00:00+00:00', '--job-id', '34', '--raw', '--subdir', 'DAGS_FOLDER/bankinghub_dag.py', '--cfg-path', '/tmp/tmpfsrkypuf']
[2026-05-14T07:20:54.191+0000] {standard_task_runner.py:105} INFO - Job 34: Subtask load_minio_to_snowflake
[2026-05-14T07:20:54.192+0000] {logging_mixin.py:190} WARNING - /home/airflow/.local/lib/python3.12/site-packages/airflow/task/task_runner/standard_task_runner.py:70 DeprecationWarning: This process (pid=166) is multi-threaded, use of fork() may lead to deadlocks in the child.
[2026-05-14T07:20:54.193+0000] {standard_task_runner.py:72} INFO - Started process 175 to run task
[2026-05-14T07:20:54.306+0000] {task_command.py:467} INFO - Running <TaskInstance: banking_datastack_pipeline.load_minio_to_snowflake scheduled__2026-05-13T00:00:00+00:00 [running]> on host 0d13a697a95a
[2026-05-14T07:20:54.434+0000] {taskinstance.py:3134} INFO - Exporting env vars: AIRFLOW_CTX_DAG_OWNER='airflow' AIRFLOW_CTX_DAG_ID='banking_datastack_pipeline' AIRFLOW_CTX_TASK_ID='load_minio_to_snowflake' AIRFLOW_CTX_EXECUTION_DATE='2026-05-13T00:00:00+00:00' AIRFLOW_CTX_TRY_NUMBER='1' AIRFLOW_CTX_DAG_RUN_ID='scheduled__2026-05-13T00:00:00+00:00'
[2026-05-14T07:20:54.436+0000] {taskinstance.py:732} INFO - ::endgroup::
[2026-05-14T07:20:54.495+0000] {load_to_snowflake.py:60} INFO - Starting MinIO -> Snowflake pipeline
[2026-05-14T07:20:54.497+0000] {load_to_snowflake.py:73} INFO - Step 1: Extracting parquet files from MinIO
[2026-05-14T07:20:55.252+0000] {load_to_snowflake.py:113} INFO - customers: downloaded=3, skipped=0
[2026-05-14T07:20:55.520+0000] {load_to_snowflake.py:113} INFO - account: downloaded=8, skipped=0
[2026-05-14T07:20:55.726+0000] {load_to_snowflake.py:113} INFO - transactions: downloaded=10, skipped=0
[2026-05-14T07:20:55.727+0000] {load_to_snowflake.py:117} INFO - Extraction complete | total_downloaded=21, total_skipped=0
[2026-05-14T07:20:55.727+0000] {load_to_snowflake.py:124} INFO - Step 2: Uploading files to Snowflake internal stage
[2026-05-14T07:20:55.729+0000] {connection.py:626} INFO - Snowflake Connector for Python Version: 4.5.0, Python Version: 3.12.9, Platform: Linux-6.6.114.1-microsoft-standard-WSL2-x86_64-with-glibc2.36
[2026-05-14T07:20:55.730+0000] {connection.py:1735} INFO - Connecting to GLOBAL Snowflake domain
[2026-05-14T07:21:22.318+0000] {load_to_snowflake.py:144} INFO - customers: uploaded=3
[2026-05-14T07:21:34.911+0000] {load_to_snowflake.py:144} INFO - account: uploaded=8
[2026-05-14T07:21:57.091+0000] {load_to_snowflake.py:144} INFO - transactions: uploaded=10
[2026-05-14T07:21:58.163+0000] {load_to_snowflake.py:148} INFO - Upload complete | total_uploaded=21
[2026-05-14T07:21:58.164+0000] {load_to_snowflake.py:155} INFO - Step 3: Loading staged files into raw tables
[2026-05-14T07:21:58.165+0000] {connection.py:626} INFO - Snowflake Connector for Python Version: 4.5.0, Python Version: 3.12.9, Platform: Linux-6.6.114.1-microsoft-standard-WSL2-x86_64-with-glibc2.36
[2026-05-14T07:21:58.166+0000] {connection.py:1735} INFO - Connecting to GLOBAL Snowflake domain
[2026-05-14T07:22:02.405+0000] {load_to_snowflake.py:172} INFO - customers: loaded successfully into RAW.CUSTOMERS
[2026-05-14T07:22:03.514+0000] {load_to_snowflake.py:172} INFO - account: loaded successfully into RAW.ACCOUNT
[2026-05-14T07:22:04.808+0000] {load_to_snowflake.py:172} INFO - transactions: loaded successfully into RAW.TRANSACTIONS
[2026-05-14T07:22:05.846+0000] {load_to_snowflake.py:176} INFO - Pipeline completed successfully
[2026-05-14T07:22:05.855+0000] {python.py:240} INFO - Done. Returned value was: None
[2026-05-14T07:22:05.896+0000] {taskinstance.py:341} INFO - ::group::Post task execution logs
[2026-05-14T07:22:05.897+0000] {taskinstance.py:353} INFO - Marking task as SUCCESS. dag_id=banking_datastack_pipeline, task_id=load_minio_to_snowflake, run_id=scheduled__2026-05-13T00:00:00+00:00, execution_date=20260513T000000, start_date=20260514T072054, end_date=20260514T072205
[2026-05-14T07:22:05.992+0000] {local_task_job_runner.py:266} INFO - Task exited with return code 0
[2026-05-14T07:22:06.013+0000] {taskinstance.py:3901} INFO - 0 downstream tasks scheduled from follow-on schedule check
[2026-05-14T07:22:06.017+0000] {local_task_job_runner.py:245} INFO - ::endgroup::
