[2026-05-16T16:49:20.641+0000] {local_task_job_runner.py:123} INFO - ::group::Pre task execution logs
[2026-05-16T16:49:20.679+0000] {taskinstance.py:2614} INFO - Dependencies all met for dep_context=non-requeueable deps ti=<TaskInstance: banking_datastack_pipeline.data_quality_checks scheduled__2026-05-14T00:00:00+00:00 [queued]>
[2026-05-16T16:49:20.699+0000] {taskinstance.py:2614} INFO - Dependencies all met for dep_context=requeueable deps ti=<TaskInstance: banking_datastack_pipeline.data_quality_checks scheduled__2026-05-14T00:00:00+00:00 [queued]>
[2026-05-16T16:49:20.700+0000] {taskinstance.py:2867} INFO - Starting attempt 1 of 1
[2026-05-16T16:49:20.730+0000] {taskinstance.py:2890} INFO - Executing <Task(PythonOperator): data_quality_checks> on 2026-05-14 00:00:00+00:00
[2026-05-16T16:49:20.746+0000] {standard_task_runner.py:104} INFO - Running: ['airflow', 'tasks', 'run', 'banking_datastack_pipeline', 'data_quality_checks', 'scheduled__2026-05-14T00:00:00+00:00', '--job-id', '62', '--raw', '--subdir', 'DAGS_FOLDER/bankinghub_dag.py', '--cfg-path', '/tmp/tmpuyfzj0g6']
[2026-05-16T16:49:20.769+0000] {standard_task_runner.py:105} INFO - Job 62: Subtask data_quality_checks
[2026-05-16T16:49:20.803+0000] {logging_mixin.py:190} WARNING - /home/airflow/.local/lib/python3.12/site-packages/airflow/task/task_runner/standard_task_runner.py:70 DeprecationWarning: This process (pid=547) is multi-threaded, use of fork() may lead to deadlocks in the child.
[2026-05-16T16:49:20.804+0000] {standard_task_runner.py:72} INFO - Started process 551 to run task
[2026-05-16T16:49:21.137+0000] {task_command.py:467} INFO - Running <TaskInstance: banking_datastack_pipeline.data_quality_checks scheduled__2026-05-14T00:00:00+00:00 [running]> on host 948b0d588911
[2026-05-16T16:49:21.445+0000] {taskinstance.py:3134} INFO - Exporting env vars: AIRFLOW_CTX_DAG_OWNER='airflow' AIRFLOW_CTX_DAG_ID='banking_datastack_pipeline' AIRFLOW_CTX_TASK_ID='data_quality_checks' AIRFLOW_CTX_EXECUTION_DATE='2026-05-14T00:00:00+00:00' AIRFLOW_CTX_TRY_NUMBER='1' AIRFLOW_CTX_DAG_RUN_ID='scheduled__2026-05-14T00:00:00+00:00'
[2026-05-16T16:49:21.448+0000] {taskinstance.py:732} INFO - ::endgroup::
[2026-05-16T16:49:21.525+0000] {connection.py:626} INFO - Snowflake Connector for Python Version: 4.5.0, Python Version: 3.12.9, Platform: Linux-6.6.114.1-microsoft-standard-WSL2-x86_64-with-glibc2.36
[2026-05-16T16:49:21.529+0000] {connection.py:1735} INFO - Connecting to GLOBAL Snowflake domain
[2026-05-16T16:49:41.794+0000] {dbt_layers.py:135} INFO - duplicate_transaction_id: []
[2026-05-16T16:49:42.457+0000] {dbt_layers.py:135} INFO - duplicate_customer_id: []
[2026-05-16T16:49:43.769+0000] {dbt_layers.py:135} INFO - duplicate_account_id: []
[2026-05-16T16:49:45.555+0000] {python.py:240} INFO - Done. Returned value was: None
[2026-05-16T16:49:45.570+0000] {taskinstance.py:341} INFO - ::group::Post task execution logs
[2026-05-16T16:49:45.571+0000] {taskinstance.py:353} INFO - Marking task as SUCCESS. dag_id=banking_datastack_pipeline, task_id=data_quality_checks, run_id=scheduled__2026-05-14T00:00:00+00:00, execution_date=20260514T000000, start_date=20260516T164920, end_date=20260516T164945
[2026-05-16T16:49:45.648+0000] {local_task_job_runner.py:266} INFO - Task exited with return code 0
[2026-05-16T16:49:45.671+0000] {taskinstance.py:3901} INFO - 0 downstream tasks scheduled from follow-on schedule check
[2026-05-16T16:49:45.676+0000] {local_task_job_runner.py:245} INFO - ::endgroup::
