[2026-05-14T14:34:03.313+0000] {local_task_job_runner.py:123} INFO - ::group::Pre task execution logs
[2026-05-14T14:34:03.362+0000] {taskinstance.py:2614} INFO - Dependencies all met for dep_context=non-requeueable deps ti=<TaskInstance: banking_datastack_pipeline.load_minio_to_snowflake manual__2026-05-14T14:33:58.252959+00:00 [queued]>
[2026-05-14T14:34:03.377+0000] {taskinstance.py:2614} INFO - Dependencies all met for dep_context=requeueable deps ti=<TaskInstance: banking_datastack_pipeline.load_minio_to_snowflake manual__2026-05-14T14:33:58.252959+00:00 [queued]>
[2026-05-14T14:34:03.378+0000] {taskinstance.py:2867} INFO - Starting attempt 1 of 1
[2026-05-14T14:34:03.398+0000] {taskinstance.py:2890} INFO - Executing <Task(PythonOperator): load_minio_to_snowflake> on 2026-05-14 14:33:58.252959+00:00
[2026-05-14T14:34:03.413+0000] {standard_task_runner.py:104} INFO - Running: ['airflow', 'tasks', 'run', 'banking_datastack_pipeline', 'load_minio_to_snowflake', 'manual__2026-05-14T14:33:58.252959+00:00', '--job-id', '54', '--raw', '--subdir', 'DAGS_FOLDER/bankinghub_dag.py', '--cfg-path', '/tmp/tmprxk59ffi']
[2026-05-14T14:34:03.418+0000] {standard_task_runner.py:105} INFO - Job 54: Subtask load_minio_to_snowflake
[2026-05-14T14:34:03.430+0000] {logging_mixin.py:190} WARNING - /home/airflow/.local/lib/python3.12/site-packages/airflow/task/task_runner/standard_task_runner.py:70 DeprecationWarning: This process (pid=5864) is multi-threaded, use of fork() may lead to deadlocks in the child.
[2026-05-14T14:34:03.431+0000] {standard_task_runner.py:72} INFO - Started process 5868 to run task
[2026-05-14T14:34:03.529+0000] {task_command.py:467} INFO - Running <TaskInstance: banking_datastack_pipeline.load_minio_to_snowflake manual__2026-05-14T14:33:58.252959+00:00 [running]> on host 0bc8e9923f1f
[2026-05-14T14:34:03.745+0000] {taskinstance.py:3134} INFO - Exporting env vars: AIRFLOW_CTX_DAG_OWNER='airflow' AIRFLOW_CTX_DAG_ID='banking_datastack_pipeline' AIRFLOW_CTX_TASK_ID='load_minio_to_snowflake' AIRFLOW_CTX_EXECUTION_DATE='2026-05-14T14:33:58.252959+00:00' AIRFLOW_CTX_TRY_NUMBER='1' AIRFLOW_CTX_DAG_RUN_ID='manual__2026-05-14T14:33:58.252959+00:00'
[2026-05-14T14:34:03.746+0000] {taskinstance.py:732} INFO - ::endgroup::
[2026-05-14T14:34:03.764+0000] {load_to_snowflake.py:60} INFO - Starting MinIO -> Snowflake pipeline
[2026-05-14T14:34:03.766+0000] {load_to_snowflake.py:73} INFO - Step 1: Extracting parquet files from MinIO
[2026-05-14T14:34:03.909+0000] {load_to_snowflake.py:113} INFO - customers: downloaded=2, skipped=1
[2026-05-14T14:34:04.295+0000] {load_to_snowflake.py:113} INFO - account: downloaded=14, skipped=1
[2026-05-14T14:34:04.447+0000] {load_to_snowflake.py:113} INFO - transactions: downloaded=10, skipped=1
[2026-05-14T14:34:04.448+0000] {load_to_snowflake.py:117} INFO - Extraction complete | total_downloaded=26, total_skipped=3
[2026-05-14T14:34:04.448+0000] {load_to_snowflake.py:124} INFO - Step 2: Uploading files to Snowflake internal stage
[2026-05-14T14:34:04.451+0000] {connection.py:626} INFO - Snowflake Connector for Python Version: 4.5.0, Python Version: 3.12.9, Platform: Linux-6.6.114.1-microsoft-standard-WSL2-x86_64-with-glibc2.36
[2026-05-14T14:34:04.455+0000] {connection.py:1735} INFO - Connecting to GLOBAL Snowflake domain
[2026-05-14T14:34:11.720+0000] {load_to_snowflake.py:144} INFO - customers: uploaded=2
[2026-05-14T14:34:28.352+0000] {load_to_snowflake.py:144} INFO - account: uploaded=14
[2026-05-14T14:34:37.108+0000] {load_to_snowflake.py:144} INFO - transactions: uploaded=10
[2026-05-14T14:34:37.574+0000] {load_to_snowflake.py:148} INFO - Upload complete | total_uploaded=26
[2026-05-14T14:34:37.579+0000] {load_to_snowflake.py:155} INFO - Step 3: Loading staged files into raw tables
[2026-05-14T14:34:37.582+0000] {connection.py:626} INFO - Snowflake Connector for Python Version: 4.5.0, Python Version: 3.12.9, Platform: Linux-6.6.114.1-microsoft-standard-WSL2-x86_64-with-glibc2.36
[2026-05-14T14:34:37.586+0000] {connection.py:1735} INFO - Connecting to GLOBAL Snowflake domain
[2026-05-14T14:34:43.171+0000] {load_to_snowflake.py:172} INFO - customers: loaded successfully into RAW.CUSTOMERS
[2026-05-14T14:34:44.172+0000] {load_to_snowflake.py:172} INFO - account: loaded successfully into RAW.ACCOUNT
[2026-05-14T14:34:45.312+0000] {load_to_snowflake.py:172} INFO - transactions: loaded successfully into RAW.TRANSACTIONS
[2026-05-14T14:34:45.992+0000] {load_to_snowflake.py:176} INFO - Pipeline completed successfully
[2026-05-14T14:34:45.993+0000] {python.py:240} INFO - Done. Returned value was: None
[2026-05-14T14:34:46.009+0000] {taskinstance.py:341} INFO - ::group::Post task execution logs
[2026-05-14T14:34:46.010+0000] {taskinstance.py:353} INFO - Marking task as SUCCESS. dag_id=banking_datastack_pipeline, task_id=load_minio_to_snowflake, run_id=manual__2026-05-14T14:33:58.252959+00:00, execution_date=20260514T143358, start_date=20260514T143403, end_date=20260514T143446
[2026-05-14T14:34:46.073+0000] {local_task_job_runner.py:266} INFO - Task exited with return code 0
[2026-05-14T14:34:46.113+0000] {taskinstance.py:3901} INFO - 0 downstream tasks scheduled from follow-on schedule check
[2026-05-14T14:34:46.116+0000] {local_task_job_runner.py:245} INFO - ::endgroup::
