[2026-05-12T22:39:42.830+0000] {local_task_job_runner.py:123} INFO - ::group::Pre task execution logs
[2026-05-12T22:39:42.901+0000] {taskinstance.py:2614} INFO - Dependencies all met for dep_context=non-requeueable deps ti=<TaskInstance: minio_to_snowflake_pipeline.load_minio_to_snowflake manual__2026-05-12T22:39:37.446966+00:00 [queued]>
[2026-05-12T22:39:42.913+0000] {taskinstance.py:2614} INFO - Dependencies all met for dep_context=requeueable deps ti=<TaskInstance: minio_to_snowflake_pipeline.load_minio_to_snowflake manual__2026-05-12T22:39:37.446966+00:00 [queued]>
[2026-05-12T22:39:42.914+0000] {taskinstance.py:2867} INFO - Starting attempt 1 of 1
[2026-05-12T22:39:42.936+0000] {taskinstance.py:2890} INFO - Executing <Task(PythonOperator): load_minio_to_snowflake> on 2026-05-12 22:39:37.446966+00:00
[2026-05-12T22:39:42.950+0000] {standard_task_runner.py:104} INFO - Running: ['airflow', 'tasks', 'run', 'minio_to_snowflake_pipeline', 'load_minio_to_snowflake', 'manual__2026-05-12T22:39:37.446966+00:00', '--job-id', '6', '--raw', '--subdir', 'DAGS_FOLDER/bankinghub_dag.py', '--cfg-path', '/tmp/tmpply25amd']
[2026-05-12T22:39:42.961+0000] {standard_task_runner.py:105} INFO - Job 6: Subtask load_minio_to_snowflake
[2026-05-12T22:39:42.973+0000] {logging_mixin.py:190} WARNING - /home/airflow/.local/lib/python3.12/site-packages/airflow/task/task_runner/standard_task_runner.py:70 DeprecationWarning: This process (pid=194) is multi-threaded, use of fork() may lead to deadlocks in the child.
[2026-05-12T22:39:42.976+0000] {standard_task_runner.py:72} INFO - Started process 198 to run task
[2026-05-12T22:39:43.381+0000] {task_command.py:467} INFO - Running <TaskInstance: minio_to_snowflake_pipeline.load_minio_to_snowflake manual__2026-05-12T22:39:37.446966+00:00 [running]> on host 1fcf14a29876
[2026-05-12T22:39:43.858+0000] {taskinstance.py:3134} INFO - Exporting env vars: AIRFLOW_CTX_DAG_OWNER='airflow' AIRFLOW_CTX_DAG_ID='minio_to_snowflake_pipeline' AIRFLOW_CTX_TASK_ID='load_minio_to_snowflake' AIRFLOW_CTX_EXECUTION_DATE='2026-05-12T22:39:37.446966+00:00' AIRFLOW_CTX_TRY_NUMBER='1' AIRFLOW_CTX_DAG_RUN_ID='manual__2026-05-12T22:39:37.446966+00:00'
[2026-05-12T22:39:43.875+0000] {taskinstance.py:732} INFO - ::endgroup::
[2026-05-12T22:39:44.014+0000] {load_to_snowflake.py:126} INFO - Starting full MinIO -> Snowflake load
[2026-05-12T22:39:44.015+0000] {load_to_snowflake.py:43} INFO - Starting load for table: customers
[2026-05-12T22:39:44.033+0000] {connection.py:626} INFO - Snowflake Connector for Python Version: 4.5.0, Python Version: 3.12.9, Platform: Linux-6.6.114.1-microsoft-standard-WSL2-x86_64-with-glibc2.36
[2026-05-12T22:39:44.045+0000] {connection.py:1735} INFO - Connecting to GLOBAL Snowflake domain
[2026-05-12T22:39:51.970+0000] {load_to_snowflake.py:66} INFO - Processing file: customers/customers_20260511_223447_001421.parquet
[2026-05-12T22:39:52.704+0000] {load_to_snowflake.py:112} ERROR - Failed loading customers: Repetition level histogram size mismatch
[2026-05-12T22:39:54.999+0000] {load_to_snowflake.py:119} INFO - Closed Snowflake connection for customers
[2026-05-12T22:39:55.001+0000] {taskinstance.py:3313} ERROR - Task failed with exception
Traceback (most recent call last):
  File "/home/airflow/.local/lib/python3.12/site-packages/airflow/models/taskinstance.py", line 768, in _execute_task
    result = _execute_callable(context=context, **execute_callable_kwargs)
             ^^^^^^^^^^^^^^^^^^^^^^^^^^^^^^^^^^^^^^^^^^^^^^^^^^^^^^^^^^^^^
  File "/home/airflow/.local/lib/python3.12/site-packages/airflow/models/taskinstance.py", line 734, in _execute_callable
    return ExecutionCallableRunner(
           ^^^^^^^^^^^^^^^^^^^^^^^^
  File "/home/airflow/.local/lib/python3.12/site-packages/airflow/utils/operator_helpers.py", line 252, in run
    return self.func(*args, **kwargs)
           ^^^^^^^^^^^^^^^^^^^^^^^^^^
  File "/home/airflow/.local/lib/python3.12/site-packages/airflow/models/baseoperator.py", line 424, in wrapper
    return func(self, *args, **kwargs)
           ^^^^^^^^^^^^^^^^^^^^^^^^^^^
  File "/home/airflow/.local/lib/python3.12/site-packages/airflow/operators/python.py", line 238, in execute
    return_value = self.execute_callable()
                   ^^^^^^^^^^^^^^^^^^^^^^^
  File "/home/airflow/.local/lib/python3.12/site-packages/airflow/operators/python.py", line 256, in execute_callable
    return runner.run(*self.op_args, **self.op_kwargs)
           ^^^^^^^^^^^^^^^^^^^^^^^^^^^^^^^^^^^^^^^^^^^
  File "/home/airflow/.local/lib/python3.12/site-packages/airflow/utils/operator_helpers.py", line 252, in run
    return self.func(*args, **kwargs)
           ^^^^^^^^^^^^^^^^^^^^^^^^^^
  File "/opt/airflow/dags/load_to_snowflake.py", line 129, in load_all_tables
    load_table_to_snowflake(table)
  File "/opt/airflow/dags/load_to_snowflake.py", line 74, in load_table_to_snowflake
    df = pd.read_parquet(parquet_data)
         ^^^^^^^^^^^^^^^^^^^^^^^^^^^^^
  File "/home/airflow/.local/lib/python3.12/site-packages/pandas/io/parquet.py", line 670, in read_parquet
    return impl.read(
           ^^^^^^^^^^
  File "/home/airflow/.local/lib/python3.12/site-packages/pandas/io/parquet.py", line 272, in read
    pa_table = self.api.parquet.read_table(
               ^^^^^^^^^^^^^^^^^^^^^^^^^^^^
  File "/home/airflow/.local/lib/python3.12/site-packages/pyarrow/parquet/core.py", line 1843, in read_table
    return dataset.read(columns=columns, use_threads=use_threads,
           ^^^^^^^^^^^^^^^^^^^^^^^^^^^^^^^^^^^^^^^^^^^^^^^^^^^^^^
  File "/home/airflow/.local/lib/python3.12/site-packages/pyarrow/parquet/core.py", line 1485, in read
    table = self._dataset.to_table(
            ^^^^^^^^^^^^^^^^^^^^^^^
  File "pyarrow/_dataset.pyx", line 574, in pyarrow._dataset.Dataset.to_table
  File "pyarrow/_dataset.pyx", line 3865, in pyarrow._dataset.Scanner.to_table
  File "pyarrow/error.pxi", line 155, in pyarrow.lib.pyarrow_internal_check_status
  File "pyarrow/error.pxi", line 92, in pyarrow.lib.check_status
OSError: Repetition level histogram size mismatch
[2026-05-12T22:39:55.015+0000] {taskinstance.py:1226} INFO - Marking task as FAILED. dag_id=minio_to_snowflake_pipeline, task_id=load_minio_to_snowflake, run_id=manual__2026-05-12T22:39:37.446966+00:00, execution_date=20260512T223937, start_date=20260512T223942, end_date=20260512T223955
[2026-05-12T22:39:55.067+0000] {taskinstance.py:341} INFO - ::group::Post task execution logs
[2026-05-12T22:39:55.068+0000] {standard_task_runner.py:124} ERROR - Failed to execute job 6 for task load_minio_to_snowflake (Repetition level histogram size mismatch; 198)
Traceback (most recent call last):
  File "/home/airflow/.local/lib/python3.12/site-packages/airflow/task/task_runner/standard_task_runner.py", line 117, in _start_by_fork
    ret = args.func(args, dag=self.dag)
          ^^^^^^^^^^^^^^^^^^^^^^^^^^^^^
  File "/home/airflow/.local/lib/python3.12/site-packages/airflow/cli/cli_config.py", line 49, in command
    return func(*args, **kwargs)
           ^^^^^^^^^^^^^^^^^^^^^
  File "/home/airflow/.local/lib/python3.12/site-packages/airflow/utils/cli.py", line 116, in wrapper
    return f(*args, **kwargs)
           ^^^^^^^^^^^^^^^^^^
  File "/home/airflow/.local/lib/python3.12/site-packages/airflow/cli/commands/task_command.py", line 483, in task_run
    task_return_code = _run_task_by_selected_method(args, _dag, ti)
                       ^^^^^^^^^^^^^^^^^^^^^^^^^^^^^^^^^^^^^^^^^^^^
  File "/home/airflow/.local/lib/python3.12/site-packages/airflow/cli/commands/task_command.py", line 256, in _run_task_by_selected_method
    return _run_raw_task(args, ti)
           ^^^^^^^^^^^^^^^^^^^^^^^
  File "/home/airflow/.local/lib/python3.12/site-packages/airflow/cli/commands/task_command.py", line 341, in _run_raw_task
    return ti._run_raw_task(
           ^^^^^^^^^^^^^^^^^
  File "/home/airflow/.local/lib/python3.12/site-packages/airflow/utils/session.py", line 97, in wrapper
    return func(*args, session=session, **kwargs)
           ^^^^^^^^^^^^^^^^^^^^^^^^^^^^^^^^^^^^^^
  File "/home/airflow/.local/lib/python3.12/site-packages/airflow/models/taskinstance.py", line 3006, in _run_raw_task
    return _run_raw_task(
           ^^^^^^^^^^^^^^
  File "/home/airflow/.local/lib/python3.12/site-packages/airflow/models/taskinstance.py", line 274, in _run_raw_task
    TaskInstance._execute_task_with_callbacks(
  File "/home/airflow/.local/lib/python3.12/site-packages/airflow/models/taskinstance.py", line 3161, in _execute_task_with_callbacks
    result = self._execute_task(context, task_orig)
             ^^^^^^^^^^^^^^^^^^^^^^^^^^^^^^^^^^^^^^
  File "/home/airflow/.local/lib/python3.12/site-packages/airflow/models/taskinstance.py", line 3185, in _execute_task
    return _execute_task(self, context, task_orig)
           ^^^^^^^^^^^^^^^^^^^^^^^^^^^^^^^^^^^^^^^
  File "/home/airflow/.local/lib/python3.12/site-packages/airflow/models/taskinstance.py", line 768, in _execute_task
    result = _execute_callable(context=context, **execute_callable_kwargs)
             ^^^^^^^^^^^^^^^^^^^^^^^^^^^^^^^^^^^^^^^^^^^^^^^^^^^^^^^^^^^^^
  File "/home/airflow/.local/lib/python3.12/site-packages/airflow/models/taskinstance.py", line 734, in _execute_callable
    return ExecutionCallableRunner(
           ^^^^^^^^^^^^^^^^^^^^^^^^
  File "/home/airflow/.local/lib/python3.12/site-packages/airflow/utils/operator_helpers.py", line 252, in run
    return self.func(*args, **kwargs)
           ^^^^^^^^^^^^^^^^^^^^^^^^^^
  File "/home/airflow/.local/lib/python3.12/site-packages/airflow/models/baseoperator.py", line 424, in wrapper
    return func(self, *args, **kwargs)
           ^^^^^^^^^^^^^^^^^^^^^^^^^^^
  File "/home/airflow/.local/lib/python3.12/site-packages/airflow/operators/python.py", line 238, in execute
    return_value = self.execute_callable()
                   ^^^^^^^^^^^^^^^^^^^^^^^
  File "/home/airflow/.local/lib/python3.12/site-packages/airflow/operators/python.py", line 256, in execute_callable
    return runner.run(*self.op_args, **self.op_kwargs)
           ^^^^^^^^^^^^^^^^^^^^^^^^^^^^^^^^^^^^^^^^^^^
  File "/home/airflow/.local/lib/python3.12/site-packages/airflow/utils/operator_helpers.py", line 252, in run
    return self.func(*args, **kwargs)
           ^^^^^^^^^^^^^^^^^^^^^^^^^^
  File "/opt/airflow/dags/load_to_snowflake.py", line 129, in load_all_tables
    load_table_to_snowflake(table)
  File "/opt/airflow/dags/load_to_snowflake.py", line 74, in load_table_to_snowflake
    df = pd.read_parquet(parquet_data)
         ^^^^^^^^^^^^^^^^^^^^^^^^^^^^^
  File "/home/airflow/.local/lib/python3.12/site-packages/pandas/io/parquet.py", line 670, in read_parquet
    return impl.read(
           ^^^^^^^^^^
  File "/home/airflow/.local/lib/python3.12/site-packages/pandas/io/parquet.py", line 272, in read
    pa_table = self.api.parquet.read_table(
               ^^^^^^^^^^^^^^^^^^^^^^^^^^^^
  File "/home/airflow/.local/lib/python3.12/site-packages/pyarrow/parquet/core.py", line 1843, in read_table
    return dataset.read(columns=columns, use_threads=use_threads,
           ^^^^^^^^^^^^^^^^^^^^^^^^^^^^^^^^^^^^^^^^^^^^^^^^^^^^^^
  File "/home/airflow/.local/lib/python3.12/site-packages/pyarrow/parquet/core.py", line 1485, in read
    table = self._dataset.to_table(
            ^^^^^^^^^^^^^^^^^^^^^^^
  File "pyarrow/_dataset.pyx", line 574, in pyarrow._dataset.Dataset.to_table
  File "pyarrow/_dataset.pyx", line 3865, in pyarrow._dataset.Scanner.to_table
  File "pyarrow/error.pxi", line 155, in pyarrow.lib.pyarrow_internal_check_status
  File "pyarrow/error.pxi", line 92, in pyarrow.lib.check_status
OSError: Repetition level histogram size mismatch
[2026-05-12T22:39:55.118+0000] {local_task_job_runner.py:266} INFO - Task exited with return code 1
[2026-05-12T22:39:55.138+0000] {taskinstance.py:3901} INFO - 0 downstream tasks scheduled from follow-on schedule check
[2026-05-12T22:39:55.142+0000] {local_task_job_runner.py:245} INFO - ::endgroup::
