[0m21:27:50.276805 [debug] [MainThread]: Sending event: {'category': 'dbt', 'action': 'invocation', 'label': 'start', 'context': [<snowplow_tracker.self_describing_json.SelfDescribingJson object at 0x79b0b1a72000>, <snowplow_tracker.self_describing_json.SelfDescribingJson object at 0x79b0b1c19ac0>, <snowplow_tracker.self_describing_json.SelfDescribingJson object at 0x79b0b1c1a030>]}


============================== 21:27:50.292885 | 516bc9b8-7b06-4401-91ad-119d482fdf1d ==============================
[0m21:27:50.292885 [info ] [MainThread]: Running with dbt=1.11.9
[0m21:27:50.295334 [debug] [MainThread]: running dbt with arguments {'partial_parse': 'True', 'empty': 'None', 'log_format': 'default', 'warn_error': 'None', 'write_json': 'True', 'no_print': 'None', 'log_path': 'logs', 'version_check': 'True', 'printer_width': '80', 'send_anonymous_usage_stats': 'True', 'introspect': 'True', 'quiet': 'False', 'cache_selected_only': 'False', 'debug': 'False', 'log_cache_events': 'False', 'warn_error_options': 'WarnErrorOptionsV2(error=[], warn=[], silence=[])', 'invocation_command': 'dbt init banking_dbt', 'use_colors': 'True', 'static_parser': 'True', 'use_experimental_parser': 'False', 'profiles_dir': '/home/airflow/.dbt', 'indirect_selection': 'eager', 'fail_fast': 'False', 'target_path': 'None'}
[0m21:27:50.325456 [info ] [MainThread]: Creating dbt configuration folder at /home/airflow/.dbt
[0m21:27:50.332606 [debug] [MainThread]: Starter project path: /home/airflow/.local/lib/python3.12/site-packages/dbt/include/starter_project
[0m21:27:50.628475 [info ] [MainThread]: 
Your new dbt project "banking_dbt" was created!

For more information on how to configure the profiles.yml file,
please consult the dbt documentation here:

  https://docs.getdbt.com/docs/configure-your-profile

One more thing:

Need help? Don't hesitate to reach out to us via GitHub issues or on Slack:

  https://community.getdbt.com/

Happy modeling!

[0m21:27:50.630411 [info ] [MainThread]: Setting up your profile.
[0m21:27:56.054599 [debug] [MainThread]: Snowflake adapter: Setting snowflake.connector to ERROR (file logging only)
[0m21:27:56.055603 [debug] [MainThread]: Snowflake adapter: Setting botocore to ERROR (file logging only)
[0m21:27:56.056439 [debug] [MainThread]: Snowflake adapter: Setting boto3 to ERROR (file logging only)
[0m21:32:53.311104 [info ] [MainThread]: Profile banking_dbt written to /home/airflow/.dbt/profiles.yml using target's profile_template.yml and your supplied values. Run 'dbt debug' to validate the connection.
[0m21:32:53.317123 [debug] [MainThread]: Resource report: {"command_name": "init", "command_success": true, "command_wall_clock_time": 295.00998, "process_in_blocks": "0", "process_kernel_time": 1.63359, "process_mem_max_rss": "203868", "process_out_blocks": "1072", "process_user_time": 5.498914}
[0m21:32:53.320834 [debug] [MainThread]: Command `dbt init` succeeded at 21:32:53.320480 after 295.01 seconds
[0m21:32:53.322491 [debug] [MainThread]: Sending event: {'category': 'dbt', 'action': 'invocation', 'label': 'end', 'context': [<snowplow_tracker.self_describing_json.SelfDescribingJson object at 0x79b0b4f470b0>, <snowplow_tracker.self_describing_json.SelfDescribingJson object at 0x79b09caa5a90>, <snowplow_tracker.self_describing_json.SelfDescribingJson object at 0x79b09d8a67e0>]}
[0m21:32:53.324876 [debug] [MainThread]: Flushing usage events
[0m21:32:56.275999 [debug] [MainThread]: An error was encountered while trying to flush usage events
