[2026-05-13T14:21:10.243+0000] {local_task_job_runner.py:123} INFO - ::group::Pre task execution logs
[2026-05-13T14:21:10.261+0000] {taskinstance.py:2614} INFO - Dependencies all met for dep_context=non-requeueable deps ti=<TaskInstance: minio_to_snowflake.extract_from_minio manual__2026-05-13T14:21:05.176402+00:00 [queued]>
[2026-05-13T14:21:10.270+0000] {taskinstance.py:2614} INFO - Dependencies all met for dep_context=requeueable deps ti=<TaskInstance: minio_to_snowflake.extract_from_minio manual__2026-05-13T14:21:05.176402+00:00 [queued]>
[2026-05-13T14:21:10.271+0000] {taskinstance.py:2867} INFO - Starting attempt 1 of 1
[2026-05-13T14:21:10.288+0000] {taskinstance.py:2890} INFO - Executing <Task(PythonOperator): extract_from_minio> on 2026-05-13 14:21:05.176402+00:00
[2026-05-13T14:21:10.307+0000] {logging_mixin.py:190} WARNING - /home/airflow/.local/lib/python3.12/site-packages/airflow/task/task_runner/standard_task_runner.py:70 DeprecationWarning: This process (pid=1995) is multi-threaded, use of fork() may lead to deadlocks in the child.
[2026-05-13T14:21:10.305+0000] {standard_task_runner.py:104} INFO - Running: ['airflow', 'tasks', 'run', 'minio_to_snowflake', 'extract_from_minio', 'manual__2026-05-13T14:21:05.176402+00:00', '--job-id', '9', '--raw', '--subdir', 'DAGS_FOLDER/load_to_snowflake.py', '--cfg-path', '/tmp/tmpt45f6aco']
[2026-05-13T14:21:10.309+0000] {standard_task_runner.py:72} INFO - Started process 2004 to run task
[2026-05-13T14:21:10.309+0000] {standard_task_runner.py:105} INFO - Job 9: Subtask extract_from_minio
[2026-05-13T14:21:10.385+0000] {task_command.py:467} INFO - Running <TaskInstance: minio_to_snowflake.extract_from_minio manual__2026-05-13T14:21:05.176402+00:00 [running]> on host f29c735a189b
[2026-05-13T14:21:10.511+0000] {taskinstance.py:3134} INFO - Exporting env vars: AIRFLOW_CTX_DAG_OWNER='airflow' AIRFLOW_CTX_DAG_ID='minio_to_snowflake' AIRFLOW_CTX_TASK_ID='extract_from_minio' AIRFLOW_CTX_EXECUTION_DATE='2026-05-13T14:21:05.176402+00:00' AIRFLOW_CTX_TRY_NUMBER='1' AIRFLOW_CTX_DAG_RUN_ID='manual__2026-05-13T14:21:05.176402+00:00'
[2026-05-13T14:21:10.513+0000] {taskinstance.py:732} INFO - ::endgroup::
[2026-05-13T14:21:10.666+0000] {logging_mixin.py:190} INFO - Downloaded customers/booking.png -> /tmp/booking.png
[2026-05-13T14:21:10.677+0000] {logging_mixin.py:190} INFO - Downloaded customers/customers_20260511_223447_001421.parquet -> /tmp/customers_20260511_223447_001421.parquet
[2026-05-13T14:21:10.688+0000] {logging_mixin.py:190} INFO - Downloaded customers/customers_20260511_223447_096511.parquet -> /tmp/customers_20260511_223447_096511.parquet
[2026-05-13T14:21:10.696+0000] {logging_mixin.py:190} INFO - Downloaded customers/customers_20260511_223447_168009.parquet -> /tmp/customers_20260511_223447_168009.parquet
[2026-05-13T14:21:10.778+0000] {logging_mixin.py:190} INFO - Downloaded account/account_20260511_223445_850784.parquet -> /tmp/account_20260511_223445_850784.parquet
[2026-05-13T14:21:10.788+0000] {logging_mixin.py:190} INFO - Downloaded account/account_20260511_223445_942108.parquet -> /tmp/account_20260511_223445_942108.parquet
[2026-05-13T14:21:10.798+0000] {logging_mixin.py:190} INFO - Downloaded account/account_20260511_223446_015641.parquet -> /tmp/account_20260511_223446_015641.parquet
[2026-05-13T14:21:10.807+0000] {logging_mixin.py:190} INFO - Downloaded account/account_20260511_223446_093232.parquet -> /tmp/account_20260511_223446_093232.parquet
[2026-05-13T14:21:10.815+0000] {logging_mixin.py:190} INFO - Downloaded account/account_20260511_223446_181612.parquet -> /tmp/account_20260511_223446_181612.parquet
[2026-05-13T14:21:10.824+0000] {logging_mixin.py:190} INFO - Downloaded account/account_20260511_223446_272578.parquet -> /tmp/account_20260511_223446_272578.parquet
[2026-05-13T14:21:10.835+0000] {logging_mixin.py:190} INFO - Downloaded account/account_20260511_223446_366327.parquet -> /tmp/account_20260511_223446_366327.parquet
[2026-05-13T14:21:10.847+0000] {logging_mixin.py:190} INFO - Downloaded account/account_20260511_223446_568672.parquet -> /tmp/account_20260511_223446_568672.parquet
[2026-05-13T14:21:10.857+0000] {logging_mixin.py:190} INFO - Downloaded account/account_20260511_223446_657377.parquet -> /tmp/account_20260511_223446_657377.parquet
[2026-05-13T14:21:10.870+0000] {logging_mixin.py:190} INFO - Downloaded account/account_20260511_223446_744570.parquet -> /tmp/account_20260511_223446_744570.parquet
[2026-05-13T14:21:10.882+0000] {logging_mixin.py:190} INFO - Downloaded account/account_20260511_223446_825327.parquet -> /tmp/account_20260511_223446_825327.parquet
[2026-05-13T14:21:10.892+0000] {logging_mixin.py:190} INFO - Downloaded account/account_20260511_223446_914431.parquet -> /tmp/account_20260511_223446_914431.parquet
[2026-05-13T14:21:10.902+0000] {logging_mixin.py:190} INFO - Downloaded account/account_20260511_223755_344982.parquet -> /tmp/account_20260511_223755_344982.parquet
[2026-05-13T14:21:10.911+0000] {logging_mixin.py:190} INFO - Downloaded account/booking.png -> /tmp/booking.png
[2026-05-13T14:21:11.222+0000] {logging_mixin.py:190} INFO - Downloaded transactions/quality.png -> /tmp/quality.png
[2026-05-13T14:21:11.234+0000] {logging_mixin.py:190} INFO - Downloaded transactions/transactions_20260511_223442_478715.parquet -> /tmp/transactions_20260511_223442_478715.parquet
[2026-05-13T14:21:11.245+0000] {logging_mixin.py:190} INFO - Downloaded transactions/transactions_20260511_223442_782067.parquet -> /tmp/transactions_20260511_223442_782067.parquet
[2026-05-13T14:21:11.258+0000] {logging_mixin.py:190} INFO - Downloaded transactions/transactions_20260511_223442_855078.parquet -> /tmp/transactions_20260511_223442_855078.parquet
[2026-05-13T14:21:11.269+0000] {logging_mixin.py:190} INFO - Downloaded transactions/transactions_20260511_223442_926768.parquet -> /tmp/transactions_20260511_223442_926768.parquet
[2026-05-13T14:21:11.278+0000] {logging_mixin.py:190} INFO - Downloaded transactions/transactions_20260511_223443_004795.parquet -> /tmp/transactions_20260511_223443_004795.parquet
[2026-05-13T14:21:11.289+0000] {logging_mixin.py:190} INFO - Downloaded transactions/transactions_20260511_223443_082360.parquet -> /tmp/transactions_20260511_223443_082360.parquet
[2026-05-13T14:21:11.298+0000] {logging_mixin.py:190} INFO - Downloaded transactions/transactions_20260511_223443_162845.parquet -> /tmp/transactions_20260511_223443_162845.parquet
[2026-05-13T14:21:11.307+0000] {logging_mixin.py:190} INFO - Downloaded transactions/transactions_20260511_223443_233083.parquet -> /tmp/transactions_20260511_223443_233083.parquet
[2026-05-13T14:21:11.319+0000] {logging_mixin.py:190} INFO - Downloaded transactions/transactions_20260511_223443_406474.parquet -> /tmp/transactions_20260511_223443_406474.parquet
[2026-05-13T14:21:11.331+0000] {logging_mixin.py:190} INFO - Downloaded transactions/transactions_20260511_223443_478124.parquet -> /tmp/transactions_20260511_223443_478124.parquet
[2026-05-13T14:21:11.343+0000] {logging_mixin.py:190} INFO - Downloaded transactions/transactions_20260511_223443_548375.parquet -> /tmp/transactions_20260511_223443_548375.parquet
[2026-05-13T14:21:11.354+0000] {logging_mixin.py:190} INFO - Downloaded transactions/transactions_20260511_223443_624518.parquet -> /tmp/transactions_20260511_223443_624518.parquet
[2026-05-13T14:21:11.363+0000] {logging_mixin.py:190} INFO - Downloaded transactions/transactions_20260511_223443_709156.parquet -> /tmp/transactions_20260511_223443_709156.parquet
[2026-05-13T14:21:11.374+0000] {logging_mixin.py:190} INFO - Downloaded transactions/transactions_20260511_223443_817268.parquet -> /tmp/transactions_20260511_223443_817268.parquet
[2026-05-13T14:21:11.384+0000] {logging_mixin.py:190} INFO - Downloaded transactions/transactions_20260511_223443_908520.parquet -> /tmp/transactions_20260511_223443_908520.parquet
[2026-05-13T14:21:11.395+0000] {logging_mixin.py:190} INFO - Downloaded transactions/transactions_20260511_223443_996535.parquet -> /tmp/transactions_20260511_223443_996535.parquet
[2026-05-13T14:21:11.406+0000] {logging_mixin.py:190} INFO - Downloaded transactions/transactions_20260511_223444_080320.parquet -> /tmp/transactions_20260511_223444_080320.parquet
[2026-05-13T14:21:11.420+0000] {logging_mixin.py:190} INFO - Downloaded transactions/transactions_20260511_223444_160729.parquet -> /tmp/transactions_20260511_223444_160729.parquet
[2026-05-13T14:21:11.431+0000] {logging_mixin.py:190} INFO - Downloaded transactions/transactions_20260511_223444_239788.parquet -> /tmp/transactions_20260511_223444_239788.parquet
[2026-05-13T14:21:11.443+0000] {logging_mixin.py:190} INFO - Downloaded transactions/transactions_20260511_223444_310534.parquet -> /tmp/transactions_20260511_223444_310534.parquet
[2026-05-13T14:21:11.454+0000] {logging_mixin.py:190} INFO - Downloaded transactions/transactions_20260511_223444_399256.parquet -> /tmp/transactions_20260511_223444_399256.parquet
[2026-05-13T14:21:11.465+0000] {logging_mixin.py:190} INFO - Downloaded transactions/transactions_20260511_223444_482436.parquet -> /tmp/transactions_20260511_223444_482436.parquet
[2026-05-13T14:21:11.478+0000] {logging_mixin.py:190} INFO - Downloaded transactions/transactions_20260511_223444_577527.parquet -> /tmp/transactions_20260511_223444_577527.parquet
[2026-05-13T14:21:11.489+0000] {logging_mixin.py:190} INFO - Downloaded transactions/transactions_20260511_223444_801487.parquet -> /tmp/transactions_20260511_223444_801487.parquet
[2026-05-13T14:21:11.498+0000] {logging_mixin.py:190} INFO - Downloaded transactions/transactions_20260511_223444_924192.parquet -> /tmp/transactions_20260511_223444_924192.parquet
[2026-05-13T14:21:11.509+0000] {logging_mixin.py:190} INFO - Downloaded transactions/transactions_20260511_223445_084371.parquet -> /tmp/transactions_20260511_223445_084371.parquet
[2026-05-13T14:21:11.522+0000] {logging_mixin.py:190} INFO - Downloaded transactions/transactions_20260511_223445_222267.parquet -> /tmp/transactions_20260511_223445_222267.parquet
[2026-05-13T14:21:11.533+0000] {logging_mixin.py:190} INFO - Downloaded transactions/transactions_20260511_223445_372886.parquet -> /tmp/transactions_20260511_223445_372886.parquet
[2026-05-13T14:21:11.541+0000] {logging_mixin.py:190} INFO - Downloaded transactions/transactions_20260511_223445_470954.parquet -> /tmp/transactions_20260511_223445_470954.parquet
[2026-05-13T14:21:11.550+0000] {logging_mixin.py:190} INFO - Downloaded transactions/transactions_20260511_223445_568011.parquet -> /tmp/transactions_20260511_223445_568011.parquet
[2026-05-13T14:21:11.559+0000] {logging_mixin.py:190} INFO - Downloaded transactions/transactions_20260511_223445_750905.parquet -> /tmp/transactions_20260511_223445_750905.parquet
[2026-05-13T14:21:11.567+0000] {logging_mixin.py:190} INFO - Downloaded transactions/transactions_20260511_223447_236099.parquet -> /tmp/transactions_20260511_223447_236099.parquet
[2026-05-13T14:21:11.576+0000] {logging_mixin.py:190} INFO - Downloaded transactions/transactions_20260511_223447_309831.parquet -> /tmp/transactions_20260511_223447_309831.parquet
[2026-05-13T14:21:11.588+0000] {logging_mixin.py:190} INFO - Downloaded transactions/transactions_20260511_223447_407081.parquet -> /tmp/transactions_20260511_223447_407081.parquet
[2026-05-13T14:21:11.598+0000] {logging_mixin.py:190} INFO - Downloaded transactions/transactions_20260511_223447_509803.parquet -> /tmp/transactions_20260511_223447_509803.parquet
[2026-05-13T14:21:11.606+0000] {logging_mixin.py:190} INFO - Downloaded transactions/transactions_20260511_223447_608799.parquet -> /tmp/transactions_20260511_223447_608799.parquet
[2026-05-13T14:21:11.615+0000] {logging_mixin.py:190} INFO - Downloaded transactions/transactions_20260511_223447_701852.parquet -> /tmp/transactions_20260511_223447_701852.parquet
[2026-05-13T14:21:11.627+0000] {logging_mixin.py:190} INFO - Downloaded transactions/transactions_20260511_223447_794649.parquet -> /tmp/transactions_20260511_223447_794649.parquet
[2026-05-13T14:21:11.639+0000] {logging_mixin.py:190} INFO - Downloaded transactions/transactions_20260511_223447_946115.parquet -> /tmp/transactions_20260511_223447_946115.parquet
[2026-05-13T14:21:11.649+0000] {logging_mixin.py:190} INFO - Downloaded transactions/transactions_20260511_223448_059295.parquet -> /tmp/transactions_20260511_223448_059295.parquet
[2026-05-13T14:21:11.658+0000] {logging_mixin.py:190} INFO - Downloaded transactions/transactions_20260511_223448_155523.parquet -> /tmp/transactions_20260511_223448_155523.parquet
[2026-05-13T14:21:11.667+0000] {logging_mixin.py:190} INFO - Downloaded transactions/transactions_20260511_223448_285245.parquet -> /tmp/transactions_20260511_223448_285245.parquet
[2026-05-13T14:21:11.677+0000] {logging_mixin.py:190} INFO - Downloaded transactions/transactions_20260511_223448_369830.parquet -> /tmp/transactions_20260511_223448_369830.parquet
[2026-05-13T14:21:11.686+0000] {logging_mixin.py:190} INFO - Downloaded transactions/transactions_20260511_223448_447003.parquet -> /tmp/transactions_20260511_223448_447003.parquet
[2026-05-13T14:21:11.695+0000] {logging_mixin.py:190} INFO - Downloaded transactions/transactions_20260511_223448_520290.parquet -> /tmp/transactions_20260511_223448_520290.parquet
[2026-05-13T14:21:11.704+0000] {logging_mixin.py:190} INFO - Downloaded transactions/transactions_20260511_223448_787817.parquet -> /tmp/transactions_20260511_223448_787817.parquet
[2026-05-13T14:21:11.713+0000] {logging_mixin.py:190} INFO - Downloaded transactions/transactions_20260511_223448_886440.parquet -> /tmp/transactions_20260511_223448_886440.parquet
[2026-05-13T14:21:11.723+0000] {logging_mixin.py:190} INFO - Downloaded transactions/transactions_20260511_223448_961287.parquet -> /tmp/transactions_20260511_223448_961287.parquet
[2026-05-13T14:21:11.732+0000] {logging_mixin.py:190} INFO - Downloaded transactions/transactions_20260511_223449_048356.parquet -> /tmp/transactions_20260511_223449_048356.parquet
[2026-05-13T14:21:11.745+0000] {logging_mixin.py:190} INFO - Downloaded transactions/transactions_20260511_223449_125549.parquet -> /tmp/transactions_20260511_223449_125549.parquet
[2026-05-13T14:21:11.755+0000] {logging_mixin.py:190} INFO - Downloaded transactions/transactions_20260511_223449_199423.parquet -> /tmp/transactions_20260511_223449_199423.parquet
[2026-05-13T14:21:11.766+0000] {logging_mixin.py:190} INFO - Downloaded transactions/transactions_20260511_223449_276653.parquet -> /tmp/transactions_20260511_223449_276653.parquet
[2026-05-13T14:21:11.776+0000] {logging_mixin.py:190} INFO - Downloaded transactions/transactions_20260511_223449_368119.parquet -> /tmp/transactions_20260511_223449_368119.parquet
[2026-05-13T14:21:11.788+0000] {logging_mixin.py:190} INFO - Downloaded transactions/transactions_20260511_223449_467159.parquet -> /tmp/transactions_20260511_223449_467159.parquet
[2026-05-13T14:21:11.798+0000] {logging_mixin.py:190} INFO - Downloaded transactions/transactions_20260511_223449_582522.parquet -> /tmp/transactions_20260511_223449_582522.parquet
[2026-05-13T14:21:11.807+0000] {logging_mixin.py:190} INFO - Downloaded transactions/transactions_20260511_223449_802221.parquet -> /tmp/transactions_20260511_223449_802221.parquet
[2026-05-13T14:21:11.820+0000] {logging_mixin.py:190} INFO - Downloaded transactions/transactions_20260511_223449_988025.parquet -> /tmp/transactions_20260511_223449_988025.parquet
[2026-05-13T14:21:11.829+0000] {logging_mixin.py:190} INFO - Downloaded transactions/transactions_20260511_223450_082131.parquet -> /tmp/transactions_20260511_223450_082131.parquet
[2026-05-13T14:21:11.840+0000] {logging_mixin.py:190} INFO - Downloaded transactions/transactions_20260511_223450_189198.parquet -> /tmp/transactions_20260511_223450_189198.parquet
[2026-05-13T14:21:11.850+0000] {logging_mixin.py:190} INFO - Downloaded transactions/transactions_20260511_223450_286928.parquet -> /tmp/transactions_20260511_223450_286928.parquet
[2026-05-13T14:21:11.862+0000] {logging_mixin.py:190} INFO - Downloaded transactions/transactions_20260511_223450_376496.parquet -> /tmp/transactions_20260511_223450_376496.parquet
[2026-05-13T14:21:11.871+0000] {logging_mixin.py:190} INFO - Downloaded transactions/transactions_20260511_223755_247361.parquet -> /tmp/transactions_20260511_223755_247361.parquet
[2026-05-13T14:21:11.894+0000] {python.py:240} INFO - Done. Returned value was: None
[2026-05-13T14:21:11.905+0000] {taskinstance.py:341} INFO - ::group::Post task execution logs
[2026-05-13T14:21:11.906+0000] {taskinstance.py:353} INFO - Marking task as SUCCESS. dag_id=minio_to_snowflake, task_id=extract_from_minio, run_id=manual__2026-05-13T14:21:05.176402+00:00, execution_date=20260513T142105, start_date=20260513T142110, end_date=20260513T142111
[2026-05-13T14:21:11.972+0000] {local_task_job_runner.py:266} INFO - Task exited with return code 0
[2026-05-13T14:21:12.007+0000] {taskinstance.py:3901} INFO - 1 downstream tasks scheduled from follow-on schedule check
[2026-05-13T14:21:12.011+0000] {local_task_job_runner.py:245} INFO - ::endgroup::
