[2026-05-14T14:31:32.982+0000] {local_task_job_runner.py:123} INFO - ::group::Pre task execution logs
[2026-05-14T14:31:33.024+0000] {taskinstance.py:2614} INFO - Dependencies all met for dep_context=non-requeueable deps ti=<TaskInstance: banking_datastack_pipeline.dbt_transformations manual__2026-05-14T14:30:49.437631+00:00 [queued]>
[2026-05-14T14:31:33.046+0000] {taskinstance.py:2614} INFO - Dependencies all met for dep_context=requeueable deps ti=<TaskInstance: banking_datastack_pipeline.dbt_transformations manual__2026-05-14T14:30:49.437631+00:00 [queued]>
[2026-05-14T14:31:33.047+0000] {taskinstance.py:2867} INFO - Starting attempt 1 of 1
[2026-05-14T14:31:33.077+0000] {taskinstance.py:2890} INFO - Executing <Task(PythonOperator): dbt_transformations> on 2026-05-14 14:30:49.437631+00:00
[2026-05-14T14:31:33.094+0000] {standard_task_runner.py:104} INFO - Running: ['airflow', 'tasks', 'run', 'banking_datastack_pipeline', 'dbt_transformations', 'manual__2026-05-14T14:30:49.437631+00:00', '--job-id', '52', '--raw', '--subdir', 'DAGS_FOLDER/bankinghub_dag.py', '--cfg-path', '/tmp/tmpi5a0pn1z']
[2026-05-14T14:31:33.100+0000] {standard_task_runner.py:105} INFO - Job 52: Subtask dbt_transformations
[2026-05-14T14:31:33.102+0000] {logging_mixin.py:190} WARNING - /home/airflow/.local/lib/python3.12/site-packages/airflow/task/task_runner/standard_task_runner.py:70 DeprecationWarning: This process (pid=5750) is multi-threaded, use of fork() may lead to deadlocks in the child.
[2026-05-14T14:31:33.104+0000] {standard_task_runner.py:72} INFO - Started process 5754 to run task
[2026-05-14T14:31:33.177+0000] {task_command.py:467} INFO - Running <TaskInstance: banking_datastack_pipeline.dbt_transformations manual__2026-05-14T14:30:49.437631+00:00 [running]> on host 0bc8e9923f1f
[2026-05-14T14:31:33.287+0000] {taskinstance.py:3134} INFO - Exporting env vars: AIRFLOW_CTX_DAG_OWNER='airflow' AIRFLOW_CTX_DAG_ID='banking_datastack_pipeline' AIRFLOW_CTX_TASK_ID='dbt_transformations' AIRFLOW_CTX_EXECUTION_DATE='2026-05-14T14:30:49.437631+00:00' AIRFLOW_CTX_TRY_NUMBER='1' AIRFLOW_CTX_DAG_RUN_ID='manual__2026-05-14T14:30:49.437631+00:00'
[2026-05-14T14:31:33.288+0000] {taskinstance.py:732} INFO - ::endgroup::
[2026-05-14T14:31:33.302+0000] {dbt_layers.py:176} INFO - Running dbt snapshot for 
[2026-05-14T14:31:59.790+0000] {dbt_layers.py:134} INFO - [0m14:31:36  Running with dbt=1.11.9
[0m14:31:37  Registered adapter: snowflake=1.11.4
[0m14:31:38  [[33mWARNING[0m]: Configuration paths exist in your dbt_project.yml file which do not apply to any resources.
There are 1 unused configuration paths:
- models.banking_dbt.example
[0m14:31:38  Found 2 snapshots, 6 models, 3 sources, 525 macros
[0m14:31:38  
[0m14:31:38  Concurrency: 4 threads (target='dev')
[0m14:31:38  
[0m14:31:45  1 of 2 START snapshot ANALYTICS.account_snapshot ............................... [RUN]
[0m14:31:45  2 of 2 START snapshot ANALYTICS.customers_snapshot ............................. [RUN]
[0m14:31:55  2 of 2 OK snapshotted ANALYTICS.customers_snapshot ............................. [[32mSUCCESS 0[0m in 9.86s]
[0m14:31:55  1 of 2 OK snapshotted ANALYTICS.account_snapshot ............................... [[32mSUCCESS 0[0m in 9.87s]
[0m14:31:57  
[0m14:31:57  Finished running 2 snapshots in 0 hours 0 minutes and 18.67 seconds (18.67s).
[0m14:31:57  
[0m14:31:57  [32mCompleted successfully[0m
[0m14:31:57  
[0m14:31:57  Done. PASS=2 WARN=0 ERROR=0 SKIP=0 NO-OP=0 TOTAL=2

[2026-05-14T14:31:59.792+0000] {dbt_layers.py:176} INFO - Running dbt run for staging
[2026-05-14T14:32:16.023+0000] {dbt_layers.py:111} INFO - [0m14:32:04  Running with dbt=1.11.9
[0m14:32:06  Registered adapter: snowflake=1.11.4
[0m14:32:06  [[33mWARNING[0m]: Configuration paths exist in your dbt_project.yml file which do not apply to any resources.
There are 1 unused configuration paths:
- models.banking_dbt.example
[0m14:32:07  Found 2 snapshots, 6 models, 3 sources, 525 macros
[0m14:32:07  
[0m14:32:07  Concurrency: 4 threads (target='dev')
[0m14:32:07  
[0m14:32:11  1 of 3 START sql view model analytics.stg_account .............................. [RUN]
[0m14:32:11  2 of 3 START sql view model analytics.stg_customers ............................ [RUN]
[0m14:32:11  3 of 3 START sql view model analytics.stg_transactions ......................... [RUN]
[0m14:32:12  1 of 3 OK created sql view model analytics.stg_account ......................... [[32mSUCCESS 1[0m in 0.59s]
[0m14:32:12  2 of 3 OK created sql view model analytics.stg_customers ....................... [[32mSUCCESS 1[0m in 0.59s]
[0m14:32:12  3 of 3 OK created sql view model analytics.stg_transactions .................... [[32mSUCCESS 1[0m in 1.18s]
[0m14:32:13  
[0m14:32:13  Finished running 3 view models in 0 hours 0 minutes and 6.79 seconds (6.79s).
[0m14:32:14  
[0m14:32:14  [32mCompleted successfully[0m
[0m14:32:14  
[0m14:32:14  Done. PASS=3 WARN=0 ERROR=0 SKIP=0 NO-OP=0 TOTAL=3

[2026-05-14T14:32:16.024+0000] {dbt_layers.py:176} INFO - Running dbt run for marts
[2026-05-14T14:32:36.667+0000] {dbt_layers.py:111} INFO - [0m14:32:19  Running with dbt=1.11.9
[0m14:32:21  Registered adapter: snowflake=1.11.4
[0m14:32:22  [[33mWARNING[0m]: Configuration paths exist in your dbt_project.yml file which do not apply to any resources.
There are 1 unused configuration paths:
- models.banking_dbt.example
[0m14:32:22  Found 2 snapshots, 6 models, 3 sources, 525 macros
[0m14:32:22  
[0m14:32:22  Concurrency: 4 threads (target='dev')
[0m14:32:22  
[0m14:32:25  1 of 3 START sql table model analytics.dim_account ............................. [RUN]
[0m14:32:25  2 of 3 START sql table model analytics.dim_customers ........................... [RUN]
[0m14:32:25  3 of 3 START sql incremental model analytics.fct_transactions .................. [RUN]
[0m14:32:26  1 of 3 OK created sql table model analytics.dim_account ........................ [[32mSUCCESS 140[0m in 0.97s]
[0m14:32:26  2 of 3 OK created sql table model analytics.dim_customers ...................... [[32mSUCCESS 70[0m in 0.98s]
[0m14:32:30  3 of 3 OK created sql incremental model analytics.fct_transactions ............. [[32mSUCCESS 200[0m in 4.42s]
[0m14:32:32  
[0m14:32:32  Finished running 1 incremental model, 2 table models in 0 hours 0 minutes and 9.46 seconds (9.46s).
[0m14:32:32  
[0m14:32:33  [32mCompleted successfully[0m
[0m14:32:33  
[0m14:32:33  Done. PASS=3 WARN=0 ERROR=0 SKIP=0 NO-OP=0 TOTAL=3

[2026-05-14T14:32:36.669+0000] {python.py:240} INFO - Done. Returned value was: None
[2026-05-14T14:32:36.690+0000] {taskinstance.py:341} INFO - ::group::Post task execution logs
[2026-05-14T14:32:36.691+0000] {taskinstance.py:353} INFO - Marking task as SUCCESS. dag_id=banking_datastack_pipeline, task_id=dbt_transformations, run_id=manual__2026-05-14T14:30:49.437631+00:00, execution_date=20260514T143049, start_date=20260514T143133, end_date=20260514T143236
[2026-05-14T14:32:36.750+0000] {local_task_job_runner.py:266} INFO - Task exited with return code 0
[2026-05-14T14:32:36.777+0000] {taskinstance.py:3901} INFO - 1 downstream tasks scheduled from follow-on schedule check
[2026-05-14T14:32:36.779+0000] {local_task_job_runner.py:245} INFO - ::endgroup::
