[2026-05-13T15:10:36.419+0000] {local_task_job_runner.py:123} INFO - ::group::Pre task execution logs
[2026-05-13T15:10:36.452+0000] {taskinstance.py:2614} INFO - Dependencies all met for dep_context=non-requeueable deps ti=<TaskInstance: minio_to_snowflake.copy_into_raw manual__2026-05-13T15:09:58.320831+00:00 [queued]>
[2026-05-13T15:10:36.466+0000] {taskinstance.py:2614} INFO - Dependencies all met for dep_context=requeueable deps ti=<TaskInstance: minio_to_snowflake.copy_into_raw manual__2026-05-13T15:09:58.320831+00:00 [queued]>
[2026-05-13T15:10:36.467+0000] {taskinstance.py:2867} INFO - Starting attempt 1 of 1
[2026-05-13T15:10:36.485+0000] {taskinstance.py:2890} INFO - Executing <Task(PythonOperator): copy_into_raw> on 2026-05-13 15:09:58.320831+00:00
[2026-05-13T15:10:36.500+0000] {standard_task_runner.py:104} INFO - Running: ['airflow', 'tasks', 'run', 'minio_to_snowflake', 'copy_into_raw', 'manual__2026-05-13T15:09:58.320831+00:00', '--job-id', '20', '--raw', '--subdir', 'DAGS_FOLDER/load_to_snowflake.py', '--cfg-path', '/tmp/tmpm455rapb']
[2026-05-13T15:10:36.505+0000] {logging_mixin.py:190} WARNING - /home/airflow/.local/lib/python3.12/site-packages/airflow/task/task_runner/standard_task_runner.py:70 DeprecationWarning: This process (pid=3357) is multi-threaded, use of fork() may lead to deadlocks in the child.
[2026-05-13T15:10:36.505+0000] {standard_task_runner.py:105} INFO - Job 20: Subtask copy_into_raw
[2026-05-13T15:10:36.506+0000] {standard_task_runner.py:72} INFO - Started process 3361 to run task
[2026-05-13T15:10:36.644+0000] {task_command.py:467} INFO - Running <TaskInstance: minio_to_snowflake.copy_into_raw manual__2026-05-13T15:09:58.320831+00:00 [running]> on host f29c735a189b
[2026-05-13T15:10:36.818+0000] {taskinstance.py:3134} INFO - Exporting env vars: AIRFLOW_CTX_DAG_OWNER='airflow' AIRFLOW_CTX_DAG_ID='minio_to_snowflake' AIRFLOW_CTX_TASK_ID='copy_into_raw' AIRFLOW_CTX_EXECUTION_DATE='2026-05-13T15:09:58.320831+00:00' AIRFLOW_CTX_TRY_NUMBER='1' AIRFLOW_CTX_DAG_RUN_ID='manual__2026-05-13T15:09:58.320831+00:00'
[2026-05-13T15:10:36.820+0000] {taskinstance.py:732} INFO - ::endgroup::
[2026-05-13T15:10:36.866+0000] {base.py:84} INFO - Retrieving connection 'snowflake_conn'
[2026-05-13T15:10:36.868+0000] {connection.py:626} INFO - Snowflake Connector for Python Version: 4.5.0, Python Version: 3.12.9, Platform: Linux-6.6.114.1-microsoft-standard-WSL2-x86_64-with-glibc2.36
[2026-05-13T15:10:36.870+0000] {connection.py:1735} INFO - Connecting to GLOBAL Snowflake domain
[2026-05-13T15:10:42.592+0000] {sql.py:511} INFO - Running statement: COPY INTO RAW.CUSTOMERS
        FROM @BANKING_STAGE/customers
        FILE_FORMAT = (TYPE = PARQUET)
        MATCH_BY_COLUMN_NAME = CASE_INSENSITIVE
        PATTERN='.*\.parquet'
        ON_ERROR = SKIP_FILE;, parameters: None
[2026-05-13T15:10:43.624+0000] {sql.py:520} INFO - Rows affected: 3
[2026-05-13T15:10:43.625+0000] {snowflake.py:477} INFO - Rows affected: 3
[2026-05-13T15:10:43.626+0000] {snowflake.py:478} INFO - Snowflake query id: 01c457ce-000c-c3fd-0000-870500013416
[2026-05-13T15:10:44.342+0000] {logging_mixin.py:190} INFO - Loaded customers into RAW.CUSTOMERS
[2026-05-13T15:10:44.345+0000] {connection.py:626} INFO - Snowflake Connector for Python Version: 4.5.0, Python Version: 3.12.9, Platform: Linux-6.6.114.1-microsoft-standard-WSL2-x86_64-with-glibc2.36
[2026-05-13T15:10:44.347+0000] {connection.py:1735} INFO - Connecting to GLOBAL Snowflake domain
[2026-05-13T15:10:45.583+0000] {sql.py:511} INFO - Running statement: COPY INTO RAW.ACCOUNT
        FROM @BANKING_STAGE/account
        FILE_FORMAT = (TYPE = PARQUET)
        MATCH_BY_COLUMN_NAME = CASE_INSENSITIVE
        PATTERN='.*\.parquet'
        ON_ERROR = SKIP_FILE;, parameters: None
[2026-05-13T15:10:46.622+0000] {sql.py:520} INFO - Rows affected: 13
[2026-05-13T15:10:46.625+0000] {snowflake.py:477} INFO - Rows affected: 13
[2026-05-13T15:10:46.628+0000] {snowflake.py:478} INFO - Snowflake query id: 01c457ce-000c-c3fd-0000-870500013422
[2026-05-13T15:10:47.674+0000] {logging_mixin.py:190} INFO - Loaded account into RAW.ACCOUNT
[2026-05-13T15:10:47.681+0000] {connection.py:626} INFO - Snowflake Connector for Python Version: 4.5.0, Python Version: 3.12.9, Platform: Linux-6.6.114.1-microsoft-standard-WSL2-x86_64-with-glibc2.36
[2026-05-13T15:10:47.685+0000] {connection.py:1735} INFO - Connecting to GLOBAL Snowflake domain
[2026-05-13T15:10:49.424+0000] {sql.py:511} INFO - Running statement: COPY INTO RAW.TRANSACTIONS
        FROM @BANKING_STAGE/transactions
        FILE_FORMAT = (TYPE = PARQUET)
        MATCH_BY_COLUMN_NAME = CASE_INSENSITIVE
        PATTERN='.*\.parquet'
        ON_ERROR = SKIP_FILE;, parameters: None
[2026-05-13T15:10:50.946+0000] {sql.py:520} INFO - Rows affected: 62
[2026-05-13T15:10:50.949+0000] {snowflake.py:477} INFO - Rows affected: 62
[2026-05-13T15:10:50.951+0000] {snowflake.py:478} INFO - Snowflake query id: 01c457ce-000c-c412-0000-87050001532a
[2026-05-13T15:10:51.661+0000] {logging_mixin.py:190} INFO - Loaded transactions into RAW.TRANSACTIONS
[2026-05-13T15:10:51.663+0000] {python.py:240} INFO - Done. Returned value was: None
[2026-05-13T15:10:51.686+0000] {taskinstance.py:341} INFO - ::group::Post task execution logs
[2026-05-13T15:10:51.687+0000] {taskinstance.py:353} INFO - Marking task as SUCCESS. dag_id=minio_to_snowflake, task_id=copy_into_raw, run_id=manual__2026-05-13T15:09:58.320831+00:00, execution_date=20260513T150958, start_date=20260513T151036, end_date=20260513T151051
[2026-05-13T15:10:51.825+0000] {local_task_job_runner.py:266} INFO - Task exited with return code 0
[2026-05-13T15:10:51.896+0000] {taskinstance.py:3901} INFO - 0 downstream tasks scheduled from follow-on schedule check
[2026-05-13T15:10:51.904+0000] {local_task_job_runner.py:245} INFO - ::endgroup::
