[2026-05-14T14:35:54.864+0000] {local_task_job_runner.py:123} INFO - ::group::Pre task execution logs
[2026-05-14T14:35:54.907+0000] {taskinstance.py:2614} INFO - Dependencies all met for dep_context=non-requeueable deps ti=<TaskInstance: banking_datastack_pipeline.data_quality_checks manual__2026-05-14T14:33:58.252959+00:00 [queued]>
[2026-05-14T14:35:54.932+0000] {taskinstance.py:2614} INFO - Dependencies all met for dep_context=requeueable deps ti=<TaskInstance: banking_datastack_pipeline.data_quality_checks manual__2026-05-14T14:33:58.252959+00:00 [queued]>
[2026-05-14T14:35:54.933+0000] {taskinstance.py:2867} INFO - Starting attempt 1 of 1
[2026-05-14T14:35:54.980+0000] {taskinstance.py:2890} INFO - Executing <Task(PythonOperator): data_quality_checks> on 2026-05-14 14:33:58.252959+00:00
[2026-05-14T14:35:55.007+0000] {logging_mixin.py:190} WARNING - /home/airflow/.local/lib/python3.12/site-packages/airflow/task/task_runner/standard_task_runner.py:70 DeprecationWarning: This process (pid=6027) is multi-threaded, use of fork() may lead to deadlocks in the child.
[2026-05-14T14:35:55.009+0000] {standard_task_runner.py:72} INFO - Started process 6031 to run task
[2026-05-14T14:35:55.000+0000] {standard_task_runner.py:104} INFO - Running: ['airflow', 'tasks', 'run', 'banking_datastack_pipeline', 'data_quality_checks', 'manual__2026-05-14T14:33:58.252959+00:00', '--job-id', '56', '--raw', '--subdir', 'DAGS_FOLDER/bankinghub_dag.py', '--cfg-path', '/tmp/tmp1asksz27']
[2026-05-14T14:35:55.012+0000] {standard_task_runner.py:105} INFO - Job 56: Subtask data_quality_checks
[2026-05-14T14:35:55.105+0000] {task_command.py:467} INFO - Running <TaskInstance: banking_datastack_pipeline.data_quality_checks manual__2026-05-14T14:33:58.252959+00:00 [running]> on host 0bc8e9923f1f
[2026-05-14T14:35:55.326+0000] {taskinstance.py:3134} INFO - Exporting env vars: AIRFLOW_CTX_DAG_OWNER='airflow' AIRFLOW_CTX_DAG_ID='banking_datastack_pipeline' AIRFLOW_CTX_TASK_ID='data_quality_checks' AIRFLOW_CTX_EXECUTION_DATE='2026-05-14T14:33:58.252959+00:00' AIRFLOW_CTX_TRY_NUMBER='1' AIRFLOW_CTX_DAG_RUN_ID='manual__2026-05-14T14:33:58.252959+00:00'
[2026-05-14T14:35:55.328+0000] {taskinstance.py:732} INFO - ::endgroup::
[2026-05-14T14:35:55.350+0000] {connection.py:626} INFO - Snowflake Connector for Python Version: 4.5.0, Python Version: 3.12.9, Platform: Linux-6.6.114.1-microsoft-standard-WSL2-x86_64-with-glibc2.36
[2026-05-14T14:35:55.352+0000] {connection.py:1735} INFO - Connecting to GLOBAL Snowflake domain
[2026-05-14T14:35:59.304+0000] {dbt_layers.py:135} INFO - duplicate_transaction_id: []
[2026-05-14T14:36:00.245+0000] {dbt_layers.py:135} INFO - duplicate_customer_id: []
[2026-05-14T14:36:00.531+0000] {dbt_layers.py:135} INFO - duplicate_account_id: []
[2026-05-14T14:36:00.893+0000] {python.py:240} INFO - Done. Returned value was: None
[2026-05-14T14:36:00.932+0000] {taskinstance.py:341} INFO - ::group::Post task execution logs
[2026-05-14T14:36:00.935+0000] {taskinstance.py:353} INFO - Marking task as SUCCESS. dag_id=banking_datastack_pipeline, task_id=data_quality_checks, run_id=manual__2026-05-14T14:33:58.252959+00:00, execution_date=20260514T143358, start_date=20260514T143554, end_date=20260514T143600
[2026-05-14T14:36:01.087+0000] {local_task_job_runner.py:266} INFO - Task exited with return code 0
[2026-05-14T14:36:01.144+0000] {taskinstance.py:3901} INFO - 0 downstream tasks scheduled from follow-on schedule check
[2026-05-14T14:36:01.151+0000] {local_task_job_runner.py:245} INFO - ::endgroup::
