[2026-05-13T17:33:48.258+0000] {local_task_job_runner.py:123} INFO - ::group::Pre task execution logs
[2026-05-13T17:33:48.308+0000] {taskinstance.py:2614} INFO - Dependencies all met for dep_context=non-requeueable deps ti=<TaskInstance: minio_to_snowflake.extract_from_minio manual__2026-05-13T17:33:37.639817+00:00 [queued]>
[2026-05-13T17:33:48.335+0000] {taskinstance.py:2614} INFO - Dependencies all met for dep_context=requeueable deps ti=<TaskInstance: minio_to_snowflake.extract_from_minio manual__2026-05-13T17:33:37.639817+00:00 [queued]>
[2026-05-13T17:33:48.336+0000] {taskinstance.py:2867} INFO - Starting attempt 1 of 1
[2026-05-13T17:33:48.374+0000] {taskinstance.py:2890} INFO - Executing <Task(PythonOperator): extract_from_minio> on 2026-05-13 17:33:37.639817+00:00
[2026-05-13T17:33:48.401+0000] {standard_task_runner.py:104} INFO - Running: ['airflow', 'tasks', 'run', 'minio_to_snowflake', 'extract_from_minio', 'manual__2026-05-13T17:33:37.639817+00:00', '--job-id', '21', '--raw', '--subdir', 'DAGS_FOLDER/load_to_snowflake.py', '--cfg-path', '/tmp/tmp26z76mbo']
[2026-05-13T17:33:48.407+0000] {standard_task_runner.py:105} INFO - Job 21: Subtask extract_from_minio
[2026-05-13T17:33:48.407+0000] {logging_mixin.py:190} WARNING - /home/airflow/.local/lib/python3.12/site-packages/airflow/task/task_runner/standard_task_runner.py:70 DeprecationWarning: This process (pid=5659) is multi-threaded, use of fork() may lead to deadlocks in the child.
[2026-05-13T17:33:48.408+0000] {standard_task_runner.py:72} INFO - Started process 5668 to run task
[2026-05-13T17:33:48.507+0000] {task_command.py:467} INFO - Running <TaskInstance: minio_to_snowflake.extract_from_minio manual__2026-05-13T17:33:37.639817+00:00 [running]> on host f29c735a189b
[2026-05-13T17:33:48.786+0000] {taskinstance.py:3134} INFO - Exporting env vars: AIRFLOW_CTX_DAG_OWNER='airflow' AIRFLOW_CTX_DAG_ID='minio_to_snowflake' AIRFLOW_CTX_TASK_ID='extract_from_minio' AIRFLOW_CTX_EXECUTION_DATE='2026-05-13T17:33:37.639817+00:00' AIRFLOW_CTX_TRY_NUMBER='1' AIRFLOW_CTX_DAG_RUN_ID='manual__2026-05-13T17:33:37.639817+00:00'
[2026-05-13T17:33:48.790+0000] {taskinstance.py:732} INFO - ::endgroup::
[2026-05-13T17:33:48.992+0000] {logging_mixin.py:190} INFO - Downloaded parquet file: customers/customers_20260511_223447_001421.parquet -> /tmp/customers_20260511_223447_001421.parquet
[2026-05-13T17:33:49.003+0000] {logging_mixin.py:190} INFO - Downloaded parquet file: customers/customers_20260511_223447_096511.parquet -> /tmp/customers_20260511_223447_096511.parquet
[2026-05-13T17:33:49.020+0000] {logging_mixin.py:190} INFO - Downloaded parquet file: customers/customers_20260511_223447_168009.parquet -> /tmp/customers_20260511_223447_168009.parquet
[2026-05-13T17:33:49.086+0000] {logging_mixin.py:190} INFO - Downloaded parquet file: account/account_20260511_223445_942108.parquet -> /tmp/account_20260511_223445_942108.parquet
[2026-05-13T17:33:49.101+0000] {logging_mixin.py:190} INFO - Downloaded parquet file: account/account_20260511_223446_015641.parquet -> /tmp/account_20260511_223446_015641.parquet
[2026-05-13T17:33:49.114+0000] {logging_mixin.py:190} INFO - Downloaded parquet file: account/account_20260511_223446_272578.parquet -> /tmp/account_20260511_223446_272578.parquet
[2026-05-13T17:33:49.128+0000] {logging_mixin.py:190} INFO - Downloaded parquet file: account/account_20260511_223446_366327.parquet -> /tmp/account_20260511_223446_366327.parquet
[2026-05-13T17:33:49.146+0000] {logging_mixin.py:190} INFO - Downloaded parquet file: account/account_20260511_223446_657377.parquet -> /tmp/account_20260511_223446_657377.parquet
[2026-05-13T17:33:49.159+0000] {logging_mixin.py:190} INFO - Downloaded parquet file: account/account_20260511_223446_744570.parquet -> /tmp/account_20260511_223446_744570.parquet
[2026-05-13T17:33:49.169+0000] {logging_mixin.py:190} INFO - Downloaded parquet file: account/account_20260511_223446_914431.parquet -> /tmp/account_20260511_223446_914431.parquet
[2026-05-13T17:33:49.184+0000] {logging_mixin.py:190} INFO - Downloaded parquet file: account/account_20260511_223755_344982.parquet -> /tmp/account_20260511_223755_344982.parquet
[2026-05-13T17:33:49.266+0000] {logging_mixin.py:190} INFO - Downloaded parquet file: transactions/transactions_20260511_223442_478715.parquet -> /tmp/transactions_20260511_223442_478715.parquet
[2026-05-13T17:33:49.279+0000] {logging_mixin.py:190} INFO - Downloaded parquet file: transactions/transactions_20260511_223442_782067.parquet -> /tmp/transactions_20260511_223442_782067.parquet
[2026-05-13T17:33:49.298+0000] {logging_mixin.py:190} INFO - Downloaded parquet file: transactions/transactions_20260511_223442_855078.parquet -> /tmp/transactions_20260511_223442_855078.parquet
[2026-05-13T17:33:49.318+0000] {logging_mixin.py:190} INFO - Downloaded parquet file: transactions/transactions_20260511_223442_926768.parquet -> /tmp/transactions_20260511_223442_926768.parquet
[2026-05-13T17:33:49.342+0000] {logging_mixin.py:190} INFO - Downloaded parquet file: transactions/transactions_20260511_223443_004795.parquet -> /tmp/transactions_20260511_223443_004795.parquet
[2026-05-13T17:33:49.362+0000] {logging_mixin.py:190} INFO - Downloaded parquet file: transactions/transactions_20260511_223443_082360.parquet -> /tmp/transactions_20260511_223443_082360.parquet
[2026-05-13T17:33:49.383+0000] {logging_mixin.py:190} INFO - Downloaded parquet file: transactions/transactions_20260511_223443_478124.parquet -> /tmp/transactions_20260511_223443_478124.parquet
[2026-05-13T17:33:49.407+0000] {logging_mixin.py:190} INFO - Downloaded parquet file: transactions/transactions_20260511_223443_908520.parquet -> /tmp/transactions_20260511_223443_908520.parquet
[2026-05-13T17:33:49.428+0000] {logging_mixin.py:190} INFO - Downloaded parquet file: transactions/transactions_20260511_223443_996535.parquet -> /tmp/transactions_20260511_223443_996535.parquet
[2026-05-13T17:33:49.448+0000] {logging_mixin.py:190} INFO - Downloaded parquet file: transactions/transactions_20260511_223445_470954.parquet -> /tmp/transactions_20260511_223445_470954.parquet
[2026-05-13T17:33:49.490+0000] {python.py:240} INFO - Done. Returned value was: None
[2026-05-13T17:33:49.517+0000] {taskinstance.py:341} INFO - ::group::Post task execution logs
[2026-05-13T17:33:49.519+0000] {taskinstance.py:353} INFO - Marking task as SUCCESS. dag_id=minio_to_snowflake, task_id=extract_from_minio, run_id=manual__2026-05-13T17:33:37.639817+00:00, execution_date=20260513T173337, start_date=20260513T173348, end_date=20260513T173349
[2026-05-13T17:33:49.591+0000] {local_task_job_runner.py:266} INFO - Task exited with return code 0
[2026-05-13T17:33:49.645+0000] {taskinstance.py:3901} INFO - 1 downstream tasks scheduled from follow-on schedule check
[2026-05-13T17:33:49.650+0000] {local_task_job_runner.py:245} INFO - ::endgroup::
