[2026-05-13T14:53:07.325+0000] {local_task_job_runner.py:123} INFO - ::group::Pre task execution logs
[2026-05-13T14:53:07.353+0000] {taskinstance.py:2614} INFO - Dependencies all met for dep_context=non-requeueable deps ti=<TaskInstance: minio_to_snowflake.extract_from_minio manual__2026-05-13T14:53:00.231496+00:00 [queued]>
[2026-05-13T14:53:07.365+0000] {taskinstance.py:2614} INFO - Dependencies all met for dep_context=requeueable deps ti=<TaskInstance: minio_to_snowflake.extract_from_minio manual__2026-05-13T14:53:00.231496+00:00 [queued]>
[2026-05-13T14:53:07.366+0000] {taskinstance.py:2867} INFO - Starting attempt 1 of 1
[2026-05-13T14:53:07.386+0000] {taskinstance.py:2890} INFO - Executing <Task(PythonOperator): extract_from_minio> on 2026-05-13 14:53:00.231496+00:00
[2026-05-13T14:53:07.406+0000] {logging_mixin.py:190} WARNING - /home/airflow/.local/lib/python3.12/site-packages/airflow/task/task_runner/standard_task_runner.py:70 DeprecationWarning: This process (pid=2816) is multi-threaded, use of fork() may lead to deadlocks in the child.
[2026-05-13T14:53:07.403+0000] {standard_task_runner.py:104} INFO - Running: ['airflow', 'tasks', 'run', 'minio_to_snowflake', 'extract_from_minio', 'manual__2026-05-13T14:53:00.231496+00:00', '--job-id', '12', '--raw', '--subdir', 'DAGS_FOLDER/load_to_snowflake.py', '--cfg-path', '/tmp/tmp4ezex89r']
[2026-05-13T14:53:07.409+0000] {standard_task_runner.py:72} INFO - Started process 2820 to run task
[2026-05-13T14:53:07.409+0000] {standard_task_runner.py:105} INFO - Job 12: Subtask extract_from_minio
[2026-05-13T14:53:07.514+0000] {task_command.py:467} INFO - Running <TaskInstance: minio_to_snowflake.extract_from_minio manual__2026-05-13T14:53:00.231496+00:00 [running]> on host f29c735a189b
[2026-05-13T14:53:07.675+0000] {taskinstance.py:3134} INFO - Exporting env vars: AIRFLOW_CTX_DAG_OWNER='airflow' AIRFLOW_CTX_DAG_ID='minio_to_snowflake' AIRFLOW_CTX_TASK_ID='extract_from_minio' AIRFLOW_CTX_EXECUTION_DATE='2026-05-13T14:53:00.231496+00:00' AIRFLOW_CTX_TRY_NUMBER='1' AIRFLOW_CTX_DAG_RUN_ID='manual__2026-05-13T14:53:00.231496+00:00'
[2026-05-13T14:53:07.677+0000] {taskinstance.py:732} INFO - ::endgroup::
[2026-05-13T14:53:07.791+0000] {logging_mixin.py:190} INFO - Downloaded customers/customers_20260511_223447_001421.parquet -> /tmp/customers_20260511_223447_001421.parquet
[2026-05-13T14:53:07.808+0000] {logging_mixin.py:190} INFO - Downloaded customers/customers_20260511_223447_096511.parquet -> /tmp/customers_20260511_223447_096511.parquet
[2026-05-13T14:53:07.825+0000] {logging_mixin.py:190} INFO - Downloaded customers/customers_20260511_223447_168009.parquet -> /tmp/customers_20260511_223447_168009.parquet
[2026-05-13T14:53:07.935+0000] {logging_mixin.py:190} INFO - Downloaded account/account_20260511_223445_942108.parquet -> /tmp/account_20260511_223445_942108.parquet
[2026-05-13T14:53:07.953+0000] {logging_mixin.py:190} INFO - Downloaded account/account_20260511_223446_015641.parquet -> /tmp/account_20260511_223446_015641.parquet
[2026-05-13T14:53:07.970+0000] {logging_mixin.py:190} INFO - Downloaded account/account_20260511_223446_272578.parquet -> /tmp/account_20260511_223446_272578.parquet
[2026-05-13T14:53:07.990+0000] {logging_mixin.py:190} INFO - Downloaded account/account_20260511_223446_366327.parquet -> /tmp/account_20260511_223446_366327.parquet
[2026-05-13T14:53:08.007+0000] {logging_mixin.py:190} INFO - Downloaded account/account_20260511_223446_657377.parquet -> /tmp/account_20260511_223446_657377.parquet
[2026-05-13T14:53:08.025+0000] {logging_mixin.py:190} INFO - Downloaded account/account_20260511_223446_744570.parquet -> /tmp/account_20260511_223446_744570.parquet
[2026-05-13T14:53:08.041+0000] {logging_mixin.py:190} INFO - Downloaded account/account_20260511_223446_914431.parquet -> /tmp/account_20260511_223446_914431.parquet
[2026-05-13T14:53:08.055+0000] {logging_mixin.py:190} INFO - Downloaded account/account_20260511_223755_344982.parquet -> /tmp/account_20260511_223755_344982.parquet
[2026-05-13T14:53:08.148+0000] {logging_mixin.py:190} INFO - Downloaded transactions/transactions_20260511_223442_478715.parquet -> /tmp/transactions_20260511_223442_478715.parquet
[2026-05-13T14:53:08.157+0000] {logging_mixin.py:190} INFO - Downloaded transactions/transactions_20260511_223442_782067.parquet -> /tmp/transactions_20260511_223442_782067.parquet
[2026-05-13T14:53:08.166+0000] {logging_mixin.py:190} INFO - Downloaded transactions/transactions_20260511_223442_855078.parquet -> /tmp/transactions_20260511_223442_855078.parquet
[2026-05-13T14:53:08.175+0000] {logging_mixin.py:190} INFO - Downloaded transactions/transactions_20260511_223442_926768.parquet -> /tmp/transactions_20260511_223442_926768.parquet
[2026-05-13T14:53:08.183+0000] {logging_mixin.py:190} INFO - Downloaded transactions/transactions_20260511_223443_004795.parquet -> /tmp/transactions_20260511_223443_004795.parquet
[2026-05-13T14:53:08.190+0000] {logging_mixin.py:190} INFO - Downloaded transactions/transactions_20260511_223443_082360.parquet -> /tmp/transactions_20260511_223443_082360.parquet
[2026-05-13T14:53:08.201+0000] {logging_mixin.py:190} INFO - Downloaded transactions/transactions_20260511_223443_478124.parquet -> /tmp/transactions_20260511_223443_478124.parquet
[2026-05-13T14:53:08.212+0000] {logging_mixin.py:190} INFO - Downloaded transactions/transactions_20260511_223443_908520.parquet -> /tmp/transactions_20260511_223443_908520.parquet
[2026-05-13T14:53:08.221+0000] {logging_mixin.py:190} INFO - Downloaded transactions/transactions_20260511_223443_996535.parquet -> /tmp/transactions_20260511_223443_996535.parquet
[2026-05-13T14:53:08.231+0000] {logging_mixin.py:190} INFO - Downloaded transactions/transactions_20260511_223445_470954.parquet -> /tmp/transactions_20260511_223445_470954.parquet
[2026-05-13T14:53:08.249+0000] {python.py:240} INFO - Done. Returned value was: None
[2026-05-13T14:53:08.264+0000] {taskinstance.py:341} INFO - ::group::Post task execution logs
[2026-05-13T14:53:08.265+0000] {taskinstance.py:353} INFO - Marking task as SUCCESS. dag_id=minio_to_snowflake, task_id=extract_from_minio, run_id=manual__2026-05-13T14:53:00.231496+00:00, execution_date=20260513T145300, start_date=20260513T145307, end_date=20260513T145308
[2026-05-13T14:53:08.349+0000] {local_task_job_runner.py:266} INFO - Task exited with return code 0
[2026-05-13T14:53:08.394+0000] {taskinstance.py:3901} INFO - 1 downstream tasks scheduled from follow-on schedule check
[2026-05-13T14:53:08.398+0000] {local_task_job_runner.py:245} INFO - ::endgroup::
